NtWow64IsProcessorFeaturePresent
	arg 0: 0xa (type=unsigned int, size=0x4)
    succeeded =>
	retval: 0x1 (type=NTSTATUS, size=0x4)
NtQueryVirtualMemory
	arg 0: 0xffffffff (type=HANDLE, size=0x4)
	arg 1: 0x00393357 (type=void *, size=0x4)
	arg 2: 0x0 (type=int, size=0x4)
	arg 3: 0x0031f780 (type=<struct>*, size=0x4)
	arg 4: 0x1c (type=unsigned int, size=0x4)
	arg 5: 0x0031f75c (type=unsigned int*, size=0x4)
    succeeded =>
	arg 3: <NYI> (type=<struct>*, size=0x4)
	arg 5: 0x0031f75c => 0x1c (type=unsigned int*, size=0x4)
	retval: 0x0 (type=NTSTATUS, size=0x4)
NtQueryVirtualMemory
	arg 0: 0xffffffff (type=HANDLE, size=0x4)
	arg 1: 0x00393357 (type=void *, size=0x4)
	arg 2: 0x3 (type=int, size=0x4)
	arg 3: 0x0031f79c (type=<struct>*, size=0x4)
	arg 4: 0x14 (type=unsigned int, size=0x4)
	arg 5: 0x00000000 (type=unsigned int*, size=0x4)
    succeeded =>
	arg 3: <NYI> (type=<struct>*, size=0x4)
	arg 5: 0x00000000 (type=unsigned int*, size=0x4)
	retval: 0x0 (type=NTSTATUS, size=0x4)
NtQueryVirtualMemory
	arg 0: 0xffffffff (type=HANDLE, size=0x4)
	arg 1: 0x00393357 (type=void *, size=0x4)
	arg 2: 0x2 (type=int, size=0x4)
	arg 3: 0x0031f7d4 (type=<struct>*, size=0x4)
	arg 4: 0x212 (type=unsigned int, size=0x4)
	arg 5: 0x00000000 (type=unsigned int*, size=0x4)
    succeeded =>
	arg 3: <NYI> (type=<struct>*, size=0x4)
	arg 5: 0x00000000 (type=unsigned int*, size=0x4)
	retval: 0x0 (type=NTSTATUS, size=0x4)
NtQueryInformationProcess
	arg 0: 0xffffffff (type=HANDLE, size=0x4)
	arg 1: 0x24 (type=int, size=0x4)
	arg 2: 0x0031f7a8 (type=<struct>*, size=0x4)
	arg 3: 0x4 (type=unsigned int, size=0x4)
	arg 4: 0x00000000 (type=unsigned int*, size=0x4)
    succeeded =>
	arg 2: <NYI> (type=<struct>*, size=0x4)
	arg 4: 0x00000000 (type=unsigned int*, size=0x4)
	retval: 0x0 (type=NTSTATUS, size=0x4)
NtQueryInformationProcess
	arg 0: 0xffffffff (type=HANDLE, size=0x4)
	arg 1: 0x24 (type=int, size=0x4)
	arg 2: 0x0031f7a8 (type=<struct>*, size=0x4)
	arg 3: 0x4 (type=unsigned int, size=0x4)
	arg 4: 0x00000000 (type=unsigned int*, size=0x4)
    succeeded =>
	arg 2: <NYI> (type=<struct>*, size=0x4)
	arg 4: 0x00000000 (type=unsigned int*, size=0x4)
	retval: 0x0 (type=NTSTATUS, size=0x4)
NtCreateFile
	arg 0: 0x0031f40c (type=HANDLE*, size=0x4)
	arg 1: 0x80100080 (type=unsigned int, size=0x4)
	arg 2: len=0x18, root=0x78, name=12/12 "out.mb", att=0x42, sd=0x00000000, sqos=0x0031f478 (type=OBJECT_ATTRIBUTES*, size=0x4)
	arg 3: 0x0031f414 (type=IO_STATUS_BLOCK*, size=0x4)
	arg 4: <null> (type=LARGE_INTEGER*, size=0x4)
	arg 5: FILE_ATTRIBUTE_NORMAL (type=named constant, value=0x80, size=0x4)
	arg 6: FILE_SHARE_READ|FILE_SHARE_WRITE (type=named constant, value=0x3, size=0x4)
	arg 7: FILE_OPEN (type=named constant, value=0x1, size=0x4)
	arg 8: FILE_SYNCHRONOUS_IO_NONALERT|FILE_NON_DIRECTORY_FILE (type=named constant, value=0x60, size=0x4)
	arg 9: <null> (type=<struct>*, size=0x4)
	arg 10: 0x0 (type=unsigned int, size=0x4)
    succeeded =>
	arg 0: 0x0031f40c => 0x100 (type=HANDLE*, size=0x4)
	arg 3: status=0x0, info=0x1 (type=IO_STATUS_BLOCK*, size=0x4)
	retval: 0x0 (type=NTSTATUS, size=0x4)
NtQueryVolumeInformationFile.FileFsDeviceInformation
	arg 0: 0x100 (type=HANDLE, size=0x4)
	arg 1: 0x0031f4ec (type=IO_STATUS_BLOCK*, size=0x4)
	arg 2: 0x0031f4f4 (type=<struct>*, size=0x4)
	arg 3: 0x8 (type=unsigned int, size=0x4)
	arg 4: 0x4 (type=named constant, size=0x4)
    succeeded =>
	arg 1: status=0x0, info=0x8 (type=IO_STATUS_BLOCK*, size=0x4)
	arg 2: _FILE_FS_DEVICE_INFORMATION {int=0x7, int=0x20020} (type=<struct>*, size=0x4)
	retval: 0x0 (type=NTSTATUS, size=0x4)
NtReadFile
	arg 0: 0x100 (type=HANDLE, size=0x4)
	arg 1: 0x0 (type=HANDLE, size=0x4)
	arg 2: <null> (type=<function>, size=0x4)
	arg 3: 0x00000000 (type=void, size=0x4)
	arg 4: 0x0031f374 (type=IO_STATUS_BLOCK*, size=0x4)
	arg 5: 0x0062ec58 (type=void*, size=0x4)
	arg 6: 0x1000 (type=unsigned int, size=0x4)
	arg 7: <null> (type=LARGE_INTEGER*, size=0x4)
	arg 8: 0x00000000 (type=unsigned int*, size=0x4)
    succeeded =>
	arg 4: status=0x0, info=0x2dd (type=IO_STATUS_BLOCK*, size=0x4)
	arg 5: 0x0062ec58 => 0x00000000 (type=void*, size=0x4)
	retval: 0x0 (type=NTSTATUS, size=0x4)
NtSetInformationProcess
	arg 0: 0xffffffff (type=HANDLE, size=0x4)
	arg 1: 0x47 (type=int, size=0x4)
	arg 2: 0x0031f66c (type=<struct>*, size=0x4)
	arg 3: 0x4 (type=unsigned int, size=0x4)
    succeeded =>
	retval: 0x0 (type=NTSTATUS, size=0x4)
NtClose
	arg 0: 0x100 (type=HANDLE, size=0x4)
    succeeded =>
	retval: 0x0 (type=NTSTATUS, size=0x4)
NtAllocateVirtualMemory
	arg 0: 0xffffffff (type=HANDLE, size=0x4)
	arg 1: 0x0031e8f0 => 0x00636000 (type=void **, size=0x4)
	arg 2: 0x0 (type=unsigned int, size=0x4)
	arg 3: 0x0031e928 => 0x7000 (type=unsigned int*, size=0x4)
	arg 4: MEM_COMMIT (type=named constant, value=0x1000, size=0x4)
	arg 5: PAGE_READWRITE (type=named constant, value=0x4, size=0x4)
    succeeded =>
	arg 1: 0x0031e8f0 => 0x00636000 (type=void **, size=0x4)
	arg 3: 0x0031e928 => 0x7000 (type=unsigned int*, size=0x4)
	retval: 0x0 (type=NTSTATUS, size=0x4)
NtWriteFile
	arg 0: 0x1a4 (type=HANDLE, size=0x4)
	arg 1: 0x0 (type=HANDLE, size=0x4)
	arg 2: <null> (type=<function>, size=0x4)
	arg 3: 0x00000000 (type=void, size=0x4)
	arg 4: 0x0031cf64 (type=IO_STATUS_BLOCK*, size=0x4)
	arg 5: 0x0031cfcc => 0x7107bc30 (type=void*, size=0x4)
	arg 6: 0x1 (type=unsigned int, size=0x4)
	arg 7: <null> (type=LARGE_INTEGER*, size=0x4)
	arg 8: 0x00000000 (type=unsigned int*, size=0x4)
    succeeded =>
	arg 4: status=0x0, info=0x1 (type=IO_STATUS_BLOCK*, size=0x4)
	retval: 0x0 (type=NTSTATUS, size=0x4)
NtWriteFile
	arg 0: 0x1a4 (type=HANDLE, size=0x4)
	arg 1: 0x0 (type=HANDLE, size=0x4)
	arg 2: <null> (type=<function>, size=0x4)
	arg 3: 0x00000000 (type=void, size=0x4)
	arg 4: 0x0031d06c (type=IO_STATUS_BLOCK*, size=0x4)
	arg 5: 0x0031d0d4 => 0x00000a0d (type=void*, size=0x4)
	arg 6: 0x2 (type=unsigned int, size=0x4)
	arg 7: <null> (type=LARGE_INTEGER*, size=0x4)
	arg 8: 0x00000000 (type=unsigned int*, size=0x4)
    succeeded =>
	arg 4: status=0x0, info=0x2 (type=IO_STATUS_BLOCK*, size=0x4)
	retval: 0x0 (type=NTSTATUS, size=0x4)
NtWriteFile
	arg 0: 0x1a4 (type=HANDLE, size=0x4)
	arg 1: 0x0 (type=HANDLE, size=0x4)
	arg 2: <null> (type=<function>, size=0x4)
	arg 3: 0x00000000 (type=void, size=0x4)
	arg 4: 0x0031cf64 (type=IO_STATUS_BLOCK*, size=0x4)
	arg 5: 0x0031cfcc => 0x7107bc31 (type=void*, size=0x4)
	arg 6: 0x1 (type=unsigned int, size=0x4)
	arg 7: <null> (type=LARGE_INTEGER*, size=0x4)
	arg 8: 0x00000000 (type=unsigned int*, size=0x4)
    succeeded =>
	arg 4: status=0x0, info=0x1 (type=IO_STATUS_BLOCK*, size=0x4)
	retval: 0x0 (type=NTSTATUS, size=0x4)
NtWriteFile
	arg 0: 0x1a4 (type=HANDLE, size=0x4)
	arg 1: 0x0 (type=HANDLE, size=0x4)
	arg 2: <null> (type=<function>, size=0x4)
	arg 3: 0x00000000 (type=void, size=0x4)
	arg 4: 0x0031d06c (type=IO_STATUS_BLOCK*, size=0x4)
	arg 5: 0x0031d0d4 => 0x00000a0d (type=void*, size=0x4)
	arg 6: 0x2 (type=unsigned int, size=0x4)
	arg 7: <null> (type=LARGE_INTEGER*, size=0x4)
	arg 8: 0x00000000 (type=unsigned int*, size=0x4)
    succeeded =>
	arg 4: status=0x0, info=0x2 (type=IO_STATUS_BLOCK*, size=0x4)
	retval: 0x0 (type=NTSTATUS, size=0x4)
NtWriteFile
	arg 0: 0x1a4 (type=HANDLE, size=0x4)
	arg 1: 0x0 (type=HANDLE, size=0x4)
	arg 2: <null> (type=<function>, size=0x4)
	arg 3: 0x00000000 (type=void, size=0x4)
	arg 4: 0x0031cf64 (type=IO_STATUS_BLOCK*, size=0x4)
	arg 5: 0x0031cfcc => 0x7107bc32 (type=void*, size=0x4)
	arg 6: 0x1 (type=unsigned int, size=0x4)
	arg 7: <null> (type=LARGE_INTEGER*, size=0x4)
	arg 8: 0x00000000 (type=unsigned int*, size=0x4)
    succeeded =>
	arg 4: status=0x0, info=0x1 (type=IO_STATUS_BLOCK*, size=0x4)
	retval: 0x0 (type=NTSTATUS, size=0x4)
NtWriteFile
	arg 0: 0x1a4 (type=HANDLE, size=0x4)
	arg 1: 0x0 (type=HANDLE, size=0x4)
	arg 2: <null> (type=<function>, size=0x4)
	arg 3: 0x00000000 (type=void, size=0x4)
	arg 4: 0x0031d06c (type=IO_STATUS_BLOCK*, size=0x4)
	arg 5: 0x0031d0d4 => 0x00000a0d (type=void*, size=0x4)
	arg 6: 0x2 (type=unsigned int, size=0x4)
	arg 7: <null> (type=LARGE_INTEGER*, size=0x4)
	arg 8: 0x00000000 (type=unsigned int*, size=0x4)
    succeeded =>
	arg 4: status=0x0, info=0x2 (type=IO_STATUS_BLOCK*, size=0x4)
	retval: 0x0 (type=NTSTATUS, size=0x4)
NtWriteFile
	arg 0: 0x1a4 (type=HANDLE, size=0x4)
	arg 1: 0x0 (type=HANDLE, size=0x4)
	arg 2: <null> (type=<function>, size=0x4)
	arg 3: 0x00000000 (type=void, size=0x4)
	arg 4: 0x0031cf64 (type=IO_STATUS_BLOCK*, size=0x4)
	arg 5: 0x0031cfcc => 0x7107bc33 (type=void*, size=0x4)
	arg 6: 0x1 (type=unsigned int, size=0x4)
	arg 7: <null> (type=LARGE_INTEGER*, size=0x4)
	arg 8: 0x00000000 (type=unsigned int*, size=0x4)
    succeeded =>
	arg 4: status=0x0, info=0x1 (type=IO_STATUS_BLOCK*, size=0x4)
	retval: 0x0 (type=NTSTATUS, size=0x4)
NtWriteFile
	arg 0: 0x1a4 (type=HANDLE, size=0x4)
	arg 1: 0x0 (type=HANDLE, size=0x4)
	arg 2: <null> (type=<function>, size=0x4)
	arg 3: 0x00000000 (type=void, size=0x4)
	arg 4: 0x0031d06c (type=IO_STATUS_BLOCK*, size=0x4)
	arg 5: 0x0031d0d4 => 0x00000a0d (type=void*, size=0x4)
	arg 6: 0x2 (type=unsigned int, size=0x4)
	arg 7: <null> (type=LARGE_INTEGER*, size=0x4)
	arg 8: 0x00000000 (type=unsigned int*, size=0x4)
    succeeded =>
	arg 4: status=0x0, info=0x2 (type=IO_STATUS_BLOCK*, size=0x4)
	retval: 0x0 (type=NTSTATUS, size=0x4)
NtWriteFile
	arg 0: 0x1a4 (type=HANDLE, size=0x4)
	arg 1: 0x0 (type=HANDLE, size=0x4)
	arg 2: <null> (type=<function>, size=0x4)
	arg 3: 0x00000000 (type=void, size=0x4)
	arg 4: 0x0031cf64 (type=IO_STATUS_BLOCK*, size=0x4)
	arg 5: 0x0031cfcc => 0x7107bc34 (type=void*, size=0x4)
	arg 6: 0x1 (type=unsigned int, size=0x4)
	arg 7: <null> (type=LARGE_INTEGER*, size=0x4)
	arg 8: 0x00000000 (type=unsigned int*, size=0x4)
    succeeded =>
	arg 4: status=0x0, info=0x1 (type=IO_STATUS_BLOCK*, size=0x4)
	retval: 0x0 (type=NTSTATUS, size=0x4)
NtWriteFile
	arg 0: 0x1a4 (type=HANDLE, size=0x4)
	arg 1: 0x0 (type=HANDLE, size=0x4)
	arg 2: <null> (type=<function>, size=0x4)
	arg 3: 0x00000000 (type=void, size=0x4)
	arg 4: 0x0031d06c (type=IO_STATUS_BLOCK*, size=0x4)
	arg 5: 0x0031d0d4 => 0x00000a0d (type=void*, size=0x4)
	arg 6: 0x2 (type=unsigned int, size=0x4)
	arg 7: <null> (type=LARGE_INTEGER*, size=0x4)
	arg 8: 0x00000000 (type=unsigned int*, size=0x4)
    succeeded =>
	arg 4: status=0x0, info=0x2 (type=IO_STATUS_BLOCK*, size=0x4)
	retval: 0x0 (type=NTSTATUS, size=0x4)
NtWriteFile
	arg 0: 0x1a4 (type=HANDLE, size=0x4)
	arg 1: 0x0 (type=HANDLE, size=0x4)
	arg 2: <null> (type=<function>, size=0x4)
	arg 3: 0x00000000 (type=void, size=0x4)
	arg 4: 0x0031cf64 (type=IO_STATUS_BLOCK*, size=0x4)
	arg 5: 0x0031cfcc => 0x7107bc35 (type=void*, size=0x4)
	arg 6: 0x1 (type=unsigned int, size=0x4)
	arg 7: <null> (type=LARGE_INTEGER*, size=0x4)
	arg 8: 0x00000000 (type=unsigned int*, size=0x4)
    succeeded =>
	arg 4: status=0x0, info=0x1 (type=IO_STATUS_BLOCK*, size=0x4)
	retval: 0x0 (type=NTSTATUS, size=0x4)
NtWriteFile
	arg 0: 0x1a4 (type=HANDLE, size=0x4)
	arg 1: 0x0 (type=HANDLE, size=0x4)
	arg 2: <null> (type=<function>, size=0x4)
	arg 3: 0x00000000 (type=void, size=0x4)
	arg 4: 0x0031d06c (type=IO_STATUS_BLOCK*, size=0x4)
	arg 5: 0x0031d0d4 => 0x00000a0d (type=void*, size=0x4)
	arg 6: 0x2 (type=unsigned int, size=0x4)
	arg 7: <null> (type=LARGE_INTEGER*, size=0x4)
	arg 8: 0x00000000 (type=unsigned int*, size=0x4)
    succeeded =>
	arg 4: status=0x0, info=0x2 (type=IO_STATUS_BLOCK*, size=0x4)
	retval: 0x0 (type=NTSTATUS, size=0x4)
NtWriteFile
	arg 0: 0x1a4 (type=HANDLE, size=0x4)
	arg 1: 0x0 (type=HANDLE, size=0x4)
	arg 2: <null> (type=<function>, size=0x4)
	arg 3: 0x00000000 (type=void, size=0x4)
	arg 4: 0x0031cf64 (type=IO_STATUS_BLOCK*, size=0x4)
	arg 5: 0x0031cfcc => 0x7107bc36 (type=void*, size=0x4)
	arg 6: 0x1 (type=unsigned int, size=0x4)
	arg 7: <null> (type=LARGE_INTEGER*, size=0x4)
	arg 8: 0x00000000 (type=unsigned int*, size=0x4)
    succeeded =>
	arg 4: status=0x0, info=0x1 (type=IO_STATUS_BLOCK*, size=0x4)
	retval: 0x0 (type=NTSTATUS, size=0x4)
NtWriteFile
	arg 0: 0x1a4 (type=HANDLE, size=0x4)
	arg 1: 0x0 (type=HANDLE, size=0x4)
	arg 2: <null> (type=<function>, size=0x4)
	arg 3: 0x00000000 (type=void, size=0x4)
	arg 4: 0x0031d06c (type=IO_STATUS_BLOCK*, size=0x4)
	arg 5: 0x0031d0d4 => 0x00000a0d (type=void*, size=0x4)
	arg 6: 0x2 (type=unsigned int, size=0x4)
	arg 7: <null> (type=LARGE_INTEGER*, size=0x4)
	arg 8: 0x00000000 (type=unsigned int*, size=0x4)
    succeeded =>
	arg 4: status=0x0, info=0x2 (type=IO_STATUS_BLOCK*, size=0x4)
	retval: 0x0 (type=NTSTATUS, size=0x4)
NtWriteFile
	arg 0: 0x1a4 (type=HANDLE, size=0x4)
	arg 1: 0x0 (type=HANDLE, size=0x4)
	arg 2: <null> (type=<function>, size=0x4)
	arg 3: 0x00000000 (type=void, size=0x4)
	arg 4: 0x0031cf64 (type=IO_STATUS_BLOCK*, size=0x4)
	arg 5: 0x0031cfcc => 0x7107bc37 (type=void*, size=0x4)
	arg 6: 0x1 (type=unsigned int, size=0x4)
	arg 7: <null> (type=LARGE_INTEGER*, size=0x4)
	arg 8: 0x00000000 (type=unsigned int*, size=0x4)
    succeeded =>
	arg 4: status=0x0, info=0x1 (type=IO_STATUS_BLOCK*, size=0x4)
	retval: 0x0 (type=NTSTATUS, size=0x4)
NtWriteFile
	arg 0: 0x1a4 (type=HANDLE, size=0x4)
	arg 1: 0x0 (type=HANDLE, size=0x4)
	arg 2: <null> (type=<function>, size=0x4)
	arg 3: 0x00000000 (type=void, size=0x4)
	arg 4: 0x0031d06c (type=IO_STATUS_BLOCK*, size=0x4)
	arg 5: 0x0031d0d4 => 0x00000a0d (type=void*, size=0x4)
	arg 6: 0x2 (type=unsigned int, size=0x4)
	arg 7: <null> (type=LARGE_INTEGER*, size=0x4)
	arg 8: 0x00000000 (type=unsigned int*, size=0x4)
    succeeded =>
	arg 4: status=0x0, info=0x2 (type=IO_STATUS_BLOCK*, size=0x4)
	retval: 0x0 (type=NTSTATUS, size=0x4)
NtWriteFile
	arg 0: 0x1a4 (type=HANDLE, size=0x4)
	arg 1: 0x0 (type=HANDLE, size=0x4)
	arg 2: <null> (type=<function>, size=0x4)
	arg 3: 0x00000000 (type=void, size=0x4)
	arg 4: 0x0031cf64 (type=IO_STATUS_BLOCK*, size=0x4)
	arg 5: 0x0031cfcc => 0x7107bc38 (type=void*, size=0x4)
	arg 6: 0x1 (type=unsigned int, size=0x4)
	arg 7: <null> (type=LARGE_INTEGER*, size=0x4)
	arg 8: 0x00000000 (type=unsigned int*, size=0x4)
    succeeded =>
	arg 4: status=0x0, info=0x1 (type=IO_STATUS_BLOCK*, size=0x4)
	retval: 0x0 (type=NTSTATUS, size=0x4)
NtWriteFile
	arg 0: 0x1a4 (type=HANDLE, size=0x4)
	arg 1: 0x0 (type=HANDLE, size=0x4)
	arg 2: <null> (type=<function>, size=0x4)
	arg 3: 0x00000000 (type=void, size=0x4)
	arg 4: 0x0031d06c (type=IO_STATUS_BLOCK*, size=0x4)
	arg 5: 0x0031d0d4 => 0x00000a0d (type=void*, size=0x4)
	arg 6: 0x2 (type=unsigned int, size=0x4)
	arg 7: <null> (type=LARGE_INTEGER*, size=0x4)
	arg 8: 0x00000000 (type=unsigned int*, size=0x4)
    succeeded =>
	arg 4: status=0x0, info=0x2 (type=IO_STATUS_BLOCK*, size=0x4)
	retval: 0x0 (type=NTSTATUS, size=0x4)
NtWriteFile
	arg 0: 0x1a4 (type=HANDLE, size=0x4)
	arg 1: 0x0 (type=HANDLE, size=0x4)
	arg 2: <null> (type=<function>, size=0x4)
	arg 3: 0x00000000 (type=void, size=0x4)
	arg 4: 0x0031cf64 (type=IO_STATUS_BLOCK*, size=0x4)
	arg 5: 0x0031cfcc => 0x7107bc39 (type=void*, size=0x4)
	arg 6: 0x1 (type=unsigned int, size=0x4)
	arg 7: <null> (type=LARGE_INTEGER*, size=0x4)
	arg 8: 0x00000000 (type=unsigned int*, size=0x4)
    succeeded =>
	arg 4: status=0x0, info=0x1 (type=IO_STATUS_BLOCK*, size=0x4)
	retval: 0x0 (type=NTSTATUS, size=0x4)
NtWriteFile
	arg 0: 0x1a4 (type=HANDLE, size=0x4)
	arg 1: 0x0 (type=HANDLE, size=0x4)
	arg 2: <null> (type=<function>, size=0x4)
	arg 3: 0x00000000 (type=void, size=0x4)
	arg 4: 0x0031d06c (type=IO_STATUS_BLOCK*, size=0x4)
	arg 5: 0x0031d0d4 => 0x00000a0d (type=void*, size=0x4)
	arg 6: 0x2 (type=unsigned int, size=0x4)
	arg 7: <null> (type=LARGE_INTEGER*, size=0x4)
	arg 8: 0x00000000 (type=unsigned int*, size=0x4)
    succeeded =>
	arg 4: status=0x0, info=0x2 (type=IO_STATUS_BLOCK*, size=0x4)
	retval: 0x0 (type=NTSTATUS, size=0x4)
NtQueryInformationThread
	arg 0: 0xfffffffe (type=HANDLE, size=0x4)
	arg 1: 0x2a (type=int, size=0x4)
	arg 2: 0x0031f69c (type=<struct>*, size=0x4)
	arg 3: 0x4 (type=unsigned int, size=0x4)
	arg 4: 0x00000000 (type=unsigned int*, size=0x4)
    succeeded =>
	arg 2: <NYI> (type=<struct>*, size=0x4)
	arg 4: 0x00000000 (type=unsigned int*, size=0x4)
	retval: 0x0 (type=NTSTATUS, size=0x4)
NtShutdownWorkerFactory
	arg 0: 0x8c (type=HANDLE, size=0x4)
	arg 1: 0x00616ec0 => 0x4 (type=int*, size=0x4)
    succeeded =>
	arg 1: 0x00616ec0 => 0x4 (type=int*, size=0x4)
	retval: 0x0 (type=NTSTATUS, size=0x4)
NtOpenSection
	arg 0: 0x0031f660 (type=HANDLE*, size=0x4)
	arg 1: 0xf (type=unsigned int, size=0x4)
	arg 2: len=0x18, root=0x6c, name=36/38 "kernel.appcore.dll", att=0x40, sd=0x00000000, sqos=0x00000000 (type=OBJECT_ATTRIBUTES*, size=0x4)
    succeeded =>
	arg 0: 0x0031f660 => 0x114 (type=HANDLE*, size=0x4)
	retval: 0x0 (type=NTSTATUS, size=0x4)
NtClose
	arg 0: 0x8c (type=HANDLE, size=0x4)
    succeeded =>
	retval: 0x0 (type=NTSTATUS, size=0x4)
NtClose
	arg 0: 0x94 (type=HANDLE, size=0x4)
    succeeded =>
	retval: 0x0 (type=NTSTATUS, size=0x4)
NtClose
	arg 0: 0x90 (type=HANDLE, size=0x4)
    succeeded =>
	retval: 0x0 (type=NTSTATUS, size=0x4)
NtClose
	arg 0: 0x9c (type=HANDLE, size=0x4)
    succeeded =>
	retval: 0x0 (type=NTSTATUS, size=0x4)
NtClose
	arg 0: 0x98 (type=HANDLE, size=0x4)
    succeeded =>
	retval: 0x0 (type=NTSTATUS, size=0x4)
NtClose
	arg 0: 0x88 (type=HANDLE, size=0x4)
    succeeded =>
	retval: 0x0 (type=NTSTATUS, size=0x4)
NtQueryInformationThread
	arg 0: 0xfffffffe (type=HANDLE, size=0x4)
	arg 1: 0xc (type=int, size=0x4)
	arg 2: 0x0096fb8c (type=<struct>*, size=0x4)
	arg 3: 0x4 (type=unsigned int, size=0x4)
	arg 4: 0x00000000 (type=unsigned int*, size=0x4)
    succeeded =>
	arg 2: <NYI> (type=<struct>*, size=0x4)
	arg 4: 0x00000000 (type=unsigned int*, size=0x4)
	retval: 0x0 (type=NTSTATUS, size=0x4)
NtWaitForAlertByThreadId (details not all known)
	arg 0: <NYI> (type=<unknown>*, size=0x4)
	arg 1: <null> (type=<unknown>*, size=0x4)
NtTerminateThread
	arg 0: 0x0 (type=HANDLE, size=0x4)
	arg 1: 0x0 (type=NTSTATUS, size=0x4)
NtAlertThreadByThreadId (details not all known)
	arg 0: <NYI> (type=<unknown>*, size=0x4)
    succeeded =>
	retval: 0x0 (type=NTSTATUS, size=0x4)
    succeeded =>
	retval: 0x101 (type=NTSTATUS, size=0x4)
NtMapViewOfSection
	arg 0: 0x114 (type=HANDLE, size=0x4)
	arg 1: 0xffffffff (type=HANDLE, size=0x4)
	arg 2: 0x0062ee70 => 0x00000000 (type=void **, size=0x4)
	arg 3: 0x0 (type=unsigned int, size=0x4)
	arg 4: 0x0 (type=unsigned int, size=0x4)
	arg 5: <null> (type=LARGE_INTEGER*, size=0x4)
	arg 6: 0x0031f60c => 0x0 (type=unsigned int*, size=0x4)
	arg 7: 0x1 (type=int, size=0x4)
	arg 8: MEM_ROTATE (type=named constant, value=0x800000, size=0x4)
	arg 9: PAGE_READWRITE (type=named constant, value=0x4, size=0x4)
    succeeded =>
	arg 2: 0x0062ee70 => 0x74aa0000 (type=void **, size=0x4)
	arg 5: <null> (type=LARGE_INTEGER*, size=0x4)
	arg 6: 0x0031f60c => 0xd000 (type=unsigned int*, size=0x4)
	retval: 0x0 (type=NTSTATUS, size=0x4)
NtQueryInformationThread
	arg 0: 0xfffffffe (type=HANDLE, size=0x4)
	arg 1: 0xc (type=int, size=0x4)
	arg 2: 0x00a6fbec (type=<struct>*, size=0x4)
	arg 3: 0x4 (type=unsigned int, size=0x4)
	arg 4: 0x00000000 (type=unsigned int*, size=0x4)
    succeeded =>
	arg 2: <NYI> (type=<struct>*, size=0x4)
	arg 4: 0x00000000 (type=unsigned int*, size=0x4)
	retval: 0x0 (type=NTSTATUS, size=0x4)
NtTerminateThread
	arg 0: 0x0 (type=HANDLE, size=0x4)
	arg 1: 0x0 (type=NTSTATUS, size=0x4)
NtQueryInformationThread
	arg 0: 0xfffffffe (type=HANDLE, size=0x4)
	arg 1: 0xc (type=int, size=0x4)
	arg 2: 0x00bafb0c (type=<struct>*, size=0x4)
	arg 3: 0x4 (type=unsigned int, size=0x4)
	arg 4: 0x00000000 (type=unsigned int*, size=0x4)
    succeeded =>
	arg 2: <NYI> (type=<struct>*, size=0x4)
	arg 4: 0x00000000 (type=unsigned int*, size=0x4)
	retval: 0x0 (type=NTSTATUS, size=0x4)
NtTerminateThread
	arg 0: 0x0 (type=HANDLE, size=0x4)
	arg 1: 0x0 (type=NTSTATUS, size=0x4)
NtWow64IsProcessorFeaturePresent
	arg 0: 0x1c (type=unsigned int, size=0x4)
    succeeded =>
	retval: 0x1 (type=NTSTATUS, size=0x4)
NtQueryPerformanceCounter
	arg 0: 0x0031f5b8 (type=LARGE_INTEGER*, size=0x4)
	arg 1: <null> (type=LARGE_INTEGER*, size=0x4)
    succeeded =>
	arg 0: 0x6882365cf6 (type=LARGE_INTEGER*, size=0x4)
	arg 1: <null> (type=LARGE_INTEGER*, size=0x4)
	retval: 0x0 (type=NTSTATUS, size=0x4)
NtProtectVirtualMemory
	arg 0: 0xffffffff (type=HANDLE, size=0x4)
	arg 1: 0x0031f5f0 => 0x74aaa000 (type=void **, size=0x4)
	arg 2: 0x0031f5f4 => 0x14 (type=unsigned int*, size=0x4)
	arg 3: PAGE_READONLY (type=named constant, value=0x2, size=0x4)
	arg 4: 0x0031f5ec (type=unsigned int*, size=0x4)
    succeeded =>
	arg 1: 0x0031f5f0 => 0x74aaa000 (type=void **, size=0x4)
	arg 2: 0x0031f5f4 => 0x1000 (type=unsigned int*, size=0x4)
	arg 4: 0x0031f5ec => 0x4 (type=unsigned int*, size=0x4)
	retval: 0x0 (type=NTSTATUS, size=0x4)
NtProtectVirtualMemory
	arg 0: 0xffffffff (type=HANDLE, size=0x4)
	arg 1: 0x0031f5c0 => 0x77ca2000 (type=void **, size=0x4)
	arg 2: 0x0031f5c4 => 0x22d8 (type=unsigned int*, size=0x4)
	arg 3: PAGE_READWRITE (type=named constant, value=0x4, size=0x4)
	arg 4: 0x0031f5c8 (type=unsigned int*, size=0x4)
    succeeded =>
	arg 1: 0x0031f5c0 => 0x77ca2000 (type=void **, size=0x4)
	arg 2: 0x0031f5c4 => 0x3000 (type=unsigned int*, size=0x4)
	arg 4: 0x0031f5c8 => 0x2 (type=unsigned int*, size=0x4)
	retval: 0x0 (type=NTSTATUS, size=0x4)
NtProtectVirtualMemory
	arg 0: 0xffffffff (type=HANDLE, size=0x4)
	arg 1: 0x0031f5c0 => 0x77ca2000 (type=void **, size=0x4)
	arg 2: 0x0031f5c4 => 0x22d8 (type=unsigned int*, size=0x4)
	arg 3: PAGE_READONLY (type=named constant, value=0x2, size=0x4)
	arg 4: 0x0031f5c8 (type=unsigned int*, size=0x4)
    succeeded =>
	arg 1: 0x0031f5c0 => 0x77ca2000 (type=void **, size=0x4)
	arg 2: 0x0031f5c4 => 0x3000 (type=unsigned int*, size=0x4)
	arg 4: 0x0031f5c8 => 0x4 (type=unsigned int*, size=0x4)
	retval: 0x0 (type=NTSTATUS, size=0x4)
NtProtectVirtualMemory
	arg 0: 0xffffffff (type=HANDLE, size=0x4)
	arg 1: 0x0031f5d8 => 0x74aa7000 (type=void **, size=0x4)
	arg 2: 0x0031f5dc => 0x3c4 (type=unsigned int*, size=0x4)
	arg 3: PAGE_READWRITE (type=named constant, value=0x4, size=0x4)
	arg 4: 0x00627824 (type=unsigned int*, size=0x4)
    succeeded =>
	arg 1: 0x0031f5d8 => 0x74aa7000 (type=void **, size=0x4)
	arg 2: 0x0031f5dc => 0x1000 (type=unsigned int*, size=0x4)
	arg 4: 0x00627824 => 0x2 (type=unsigned int*, size=0x4)
	retval: 0x0 (type=NTSTATUS, size=0x4)
NtOpenSection
	arg 0: 0x0031f2b0 (type=HANDLE*, size=0x4)
	arg 1: 0xf (type=unsigned int, size=0x4)
	arg 2: len=0x18, root=0x6c, name=20/22 "msvcrt.dll", att=0x40, sd=0x00000000, sqos=0x00000000 (type=OBJECT_ATTRIBUTES*, size=0x4)
    succeeded =>
	arg 0: 0x0031f2b0 => 0x9c (type=HANDLE*, size=0x4)
	retval: 0x0 (type=NTSTATUS, size=0x4)
NtMapViewOfSection
	arg 0: 0x9c (type=HANDLE, size=0x4)
	arg 1: 0xffffffff (type=HANDLE, size=0x4)
	arg 2: 0x00630748 => 0x00000000 (type=void **, size=0x4)
	arg 3: 0x0 (type=unsigned int, size=0x4)
	arg 4: 0x0 (type=unsigned int, size=0x4)
	arg 5: <null> (type=LARGE_INTEGER*, size=0x4)
	arg 6: 0x0031f25c => 0x0 (type=unsigned int*, size=0x4)
	arg 7: 0x1 (type=int, size=0x4)
	arg 8: MEM_ROTATE (type=named constant, value=0x800000, size=0x4)
	arg 9: PAGE_READWRITE (type=named constant, value=0x4, size=0x4)
    succeeded =>
	arg 2: 0x00630748 => 0x00870000 (type=void **, size=0x4)
	arg 5: <null> (type=LARGE_INTEGER*, size=0x4)
	arg 6: 0x0031f25c => 0xbe000 (type=unsigned int*, size=0x4)
	retval: 0x40000036 (type=NTSTATUS, size=0x4)
NtWow64IsProcessorFeaturePresent
	arg 0: 0x1c (type=unsigned int, size=0x4)
    succeeded =>
	retval: 0x1 (type=NTSTATUS, size=0x4)
NtQueryPerformanceCounter
	arg 0: 0x0031f208 (type=LARGE_INTEGER*, size=0x4)
	arg 1: <null> (type=LARGE_INTEGER*, size=0x4)
    succeeded =>
	arg 0: 0x6882368639 (type=LARGE_INTEGER*, size=0x4)
	arg 1: <null> (type=LARGE_INTEGER*, size=0x4)
	retval: 0x0 (type=NTSTATUS, size=0x4)
NtProtectVirtualMemory
	arg 0: 0xffffffff (type=HANDLE, size=0x4)
	arg 1: 0x0031f210 => 0x77ca2000 (type=void **, size=0x4)
	arg 2: 0x0031f214 => 0x22d8 (type=unsigned int*, size=0x4)
	arg 3: PAGE_READWRITE (type=named constant, value=0x4, size=0x4)
	arg 4: 0x0031f218 (type=unsigned int*, size=0x4)
    succeeded =>
	arg 1: 0x0031f210 => 0x77ca2000 (type=void **, size=0x4)
	arg 2: 0x0031f214 => 0x3000 (type=unsigned int*, size=0x4)
	arg 4: 0x0031f218 => 0x2 (type=unsigned int*, size=0x4)
	retval: 0x0 (type=NTSTATUS, size=0x4)
NtProtectVirtualMemory
	arg 0: 0xffffffff (type=HANDLE, size=0x4)
	arg 1: 0x0031f210 => 0x77ca2000 (type=void **, size=0x4)
	arg 2: 0x0031f214 => 0x22d8 (type=unsigned int*, size=0x4)
	arg 3: PAGE_READONLY (type=named constant, value=0x2, size=0x4)
	arg 4: 0x0031f218 (type=unsigned int*, size=0x4)
    succeeded =>
	arg 1: 0x0031f210 => 0x77ca2000 (type=void **, size=0x4)
	arg 2: 0x0031f214 => 0x3000 (type=unsigned int*, size=0x4)
	arg 4: 0x0031f218 => 0x4 (type=unsigned int*, size=0x4)
	retval: 0x0 (type=NTSTATUS, size=0x4)
NtProtectVirtualMemory
	arg 0: 0xffffffff (type=HANDLE, size=0x4)
	arg 1: 0x0031f228 => 0x00927000 (type=void **, size=0x4)
	arg 2: 0x0031f22c => 0x2a8 (type=unsigned int*, size=0x4)
	arg 3: PAGE_READWRITE (type=named constant, value=0x4, size=0x4)
	arg 4: 0x00627aac (type=unsigned int*, size=0x4)
    succeeded =>
	arg 1: 0x0031f228 => 0x00927000 (type=void **, size=0x4)
	arg 2: 0x0031f22c => 0x1000 (type=unsigned int*, size=0x4)
	arg 4: 0x00627aac => 0x2 (type=unsigned int*, size=0x4)
	retval: 0x0 (type=NTSTATUS, size=0x4)
NtClose
	arg 0: 0x9c (type=HANDLE, size=0x4)
    succeeded =>
	retval: 0x0 (type=NTSTATUS, size=0x4)
NtOpenSection
	arg 0: 0x0031f2b0 (type=HANDLE*, size=0x4)
	arg 1: 0xf (type=unsigned int, size=0x4)
	arg 2: len=0x18, root=0x6c, name=20/22 "RPCRT4.dll", att=0x40, sd=0x00000000, sqos=0x00000000 (type=OBJECT_ATTRIBUTES*, size=0x4)
    succeeded =>
	arg 0: 0x0031f2b0 => 0x9c (type=HANDLE*, size=0x4)
	retval: 0x0 (type=NTSTATUS, size=0x4)
NtMapViewOfSection
	arg 0: 0x9c (type=HANDLE, size=0x4)
	arg 1: 0xffffffff (type=HANDLE, size=0x4)
	arg 2: 0x00616ed8 => 0x00000000 (type=void **, size=0x4)
	arg 3: 0x0 (type=unsigned int, size=0x4)
	arg 4: 0x0 (type=unsigned int, size=0x4)
	arg 5: <null> (type=LARGE_INTEGER*, size=0x4)
	arg 6: 0x0031f25c => 0x0 (type=unsigned int*, size=0x4)
	arg 7: 0x1 (type=int, size=0x4)
	arg 8: MEM_ROTATE (type=named constant, value=0x800000, size=0x4)
	arg 9: PAGE_READWRITE (type=named constant, value=0x4, size=0x4)
    succeeded =>
	arg 2: 0x00616ed8 => 0x76fe0000 (type=void **, size=0x4)
	arg 5: <null> (type=LARGE_INTEGER*, size=0x4)
	arg 6: 0x0031f25c => 0xc1000 (type=unsigned int*, size=0x4)
	retval: 0x0 (type=NTSTATUS, size=0x4)
NtWow64IsProcessorFeaturePresent
	arg 0: 0x1c (type=unsigned int, size=0x4)
    succeeded =>
	retval: 0x1 (type=NTSTATUS, size=0x4)
NtQueryPerformanceCounter
	arg 0: 0x0031f208 (type=LARGE_INTEGER*, size=0x4)
	arg 1: <null> (type=LARGE_INTEGER*, size=0x4)
    succeeded =>
	arg 0: 0x6882368f54 (type=LARGE_INTEGER*, size=0x4)
	arg 1: <null> (type=LARGE_INTEGER*, size=0x4)
	retval: 0x0 (type=NTSTATUS, size=0x4)
NtProtectVirtualMemory
	arg 0: 0xffffffff (type=HANDLE, size=0x4)
	arg 1: 0x0031f240 => 0x77094000 (type=void **, size=0x4)
	arg 2: 0x0031f244 => 0x104 (type=unsigned int*, size=0x4)
	arg 3: PAGE_READONLY (type=named constant, value=0x2, size=0x4)
	arg 4: 0x0031f23c (type=unsigned int*, size=0x4)
    succeeded =>
	arg 1: 0x0031f240 => 0x77094000 (type=void **, size=0x4)
	arg 2: 0x0031f244 => 0x1000 (type=unsigned int*, size=0x4)
	arg 4: 0x0031f23c => 0x4 (type=unsigned int*, size=0x4)
	retval: 0x0 (type=NTSTATUS, size=0x4)
NtProtectVirtualMemory
	arg 0: 0xffffffff (type=HANDLE, size=0x4)
	arg 1: 0x0031f210 => 0x77ca2000 (type=void **, size=0x4)
	arg 2: 0x0031f214 => 0x22d8 (type=unsigned int*, size=0x4)
	arg 3: PAGE_READWRITE (type=named constant, value=0x4, size=0x4)
	arg 4: 0x0031f218 (type=unsigned int*, size=0x4)
    succeeded =>
	arg 1: 0x0031f210 => 0x77ca2000 (type=void **, size=0x4)
	arg 2: 0x0031f214 => 0x3000 (type=unsigned int*, size=0x4)
	arg 4: 0x0031f218 => 0x2 (type=unsigned int*, size=0x4)
	retval: 0x0 (type=NTSTATUS, size=0x4)
NtProtectVirtualMemory
	arg 0: 0xffffffff (type=HANDLE, size=0x4)
	arg 1: 0x0031f210 => 0x77ca2000 (type=void **, size=0x4)
	arg 2: 0x0031f214 => 0x22d8 (type=unsigned int*, size=0x4)
	arg 3: PAGE_READONLY (type=named constant, value=0x2, size=0x4)
	arg 4: 0x0031f218 (type=unsigned int*, size=0x4)
    succeeded =>
	arg 1: 0x0031f210 => 0x77ca2000 (type=void **, size=0x4)
	arg 2: 0x0031f214 => 0x3000 (type=unsigned int*, size=0x4)
	arg 4: 0x0031f218 => 0x4 (type=unsigned int*, size=0x4)
	retval: 0x0 (type=NTSTATUS, size=0x4)
NtProtectVirtualMemory
	arg 0: 0xffffffff (type=HANDLE, size=0x4)
	arg 1: 0x0031f228 => 0x77091000 (type=void **, size=0x4)
	arg 2: 0x0031f22c => 0x568 (type=unsigned int*, size=0x4)
	arg 3: PAGE_READWRITE (type=named constant, value=0x4, size=0x4)
	arg 4: 0x0062ede4 (type=unsigned int*, size=0x4)
    succeeded =>
	arg 1: 0x0031f228 => 0x77091000 (type=void **, size=0x4)
	arg 2: 0x0031f22c => 0x1000 (type=unsigned int*, size=0x4)
	arg 4: 0x0062ede4 => 0x2 (type=unsigned int*, size=0x4)
	retval: 0x0 (type=NTSTATUS, size=0x4)
NtOpenSection
	arg 0: 0x0031ef00 (type=HANDLE*, size=0x4)
	arg 1: 0xf (type=unsigned int, size=0x4)
	arg 2: len=0x18, root=0x6c, name=22/24 "SspiCli.dll", att=0x40, sd=0x00000000, sqos=0x00000000 (type=OBJECT_ATTRIBUTES*, size=0x4)
    succeeded =>
	arg 0: 0x0031ef00 => 0x104 (type=HANDLE*, size=0x4)
	retval: 0x0 (type=NTSTATUS, size=0x4)
NtMapViewOfSection
	arg 0: 0x104 (type=HANDLE, size=0x4)
	arg 1: 0xffffffff (type=HANDLE, size=0x4)
	arg 2: 0x0061df48 => 0x00000000 (type=void **, size=0x4)
	arg 3: 0x0 (type=unsigned int, size=0x4)
	arg 4: 0x0 (type=unsigned int, size=0x4)
	arg 5: <null> (type=LARGE_INTEGER*, size=0x4)
	arg 6: 0x0031eeac => 0x0 (type=unsigned int*, size=0x4)
	arg 7: 0x1 (type=int, size=0x4)
	arg 8: MEM_ROTATE (type=named constant, value=0x800000, size=0x4)
	arg 9: PAGE_READWRITE (type=named constant, value=0x4, size=0x4)
    succeeded =>
	arg 2: 0x0061df48 => 0x74650000 (type=void **, size=0x4)
	arg 5: <null> (type=LARGE_INTEGER*, size=0x4)
	arg 6: 0x0031eeac => 0x1e000 (type=unsigned int*, size=0x4)
	retval: 0x0 (type=NTSTATUS, size=0x4)
NtWow64IsProcessorFeaturePresent
	arg 0: 0x1c (type=unsigned int, size=0x4)
    succeeded =>
	retval: 0x1 (type=NTSTATUS, size=0x4)
NtQueryPerformanceCounter
	arg 0: 0x0031ee58 (type=LARGE_INTEGER*, size=0x4)
	arg 1: <null> (type=LARGE_INTEGER*, size=0x4)
    succeeded =>
	arg 0: 0x688236953a (type=LARGE_INTEGER*, size=0x4)
	arg 1: <null> (type=LARGE_INTEGER*, size=0x4)
	retval: 0x0 (type=NTSTATUS, size=0x4)
NtProtectVirtualMemory
	arg 0: 0xffffffff (type=HANDLE, size=0x4)
	arg 1: 0x0031ee60 => 0x77ca2000 (type=void **, size=0x4)
	arg 2: 0x0031ee64 => 0x22d8 (type=unsigned int*, size=0x4)
	arg 3: PAGE_READWRITE (type=named constant, value=0x4, size=0x4)
	arg 4: 0x0031ee68 (type=unsigned int*, size=0x4)
    succeeded =>
	arg 1: 0x0031ee60 => 0x77ca2000 (type=void **, size=0x4)
	arg 2: 0x0031ee64 => 0x3000 (type=unsigned int*, size=0x4)
	arg 4: 0x0031ee68 => 0x2 (type=unsigned int*, size=0x4)
	retval: 0x0 (type=NTSTATUS, size=0x4)
NtProtectVirtualMemory
	arg 0: 0xffffffff (type=HANDLE, size=0x4)
	arg 1: 0x0031ee60 => 0x77ca2000 (type=void **, size=0x4)
	arg 2: 0x0031ee64 => 0x22d8 (type=unsigned int*, size=0x4)
	arg 3: PAGE_READONLY (type=named constant, value=0x2, size=0x4)
	arg 4: 0x0031ee68 (type=unsigned int*, size=0x4)
    succeeded =>
	arg 1: 0x0031ee60 => 0x77ca2000 (type=void **, size=0x4)
	arg 2: 0x0031ee64 => 0x3000 (type=unsigned int*, size=0x4)
	arg 4: 0x0031ee68 => 0x4 (type=unsigned int*, size=0x4)
	retval: 0x0 (type=NTSTATUS, size=0x4)
NtProtectVirtualMemory
	arg 0: 0xffffffff (type=HANDLE, size=0x4)
	arg 1: 0x0031ee78 => 0x74669000 (type=void **, size=0x4)
	arg 2: 0x0031ee7c => 0x23c (type=unsigned int*, size=0x4)
	arg 3: PAGE_READWRITE (type=named constant, value=0x4, size=0x4)
	arg 4: 0x0061668c (type=unsigned int*, size=0x4)
    succeeded =>
	arg 1: 0x0031ee78 => 0x74669000 (type=void **, size=0x4)
	arg 2: 0x0031ee7c => 0x1000 (type=unsigned int*, size=0x4)
	arg 4: 0x0061668c => 0x2 (type=unsigned int*, size=0x4)
	retval: 0x0 (type=NTSTATUS, size=0x4)
NtOpenSection
	arg 0: 0x0031eb50 (type=HANDLE*, size=0x4)
	arg 1: 0xf (type=unsigned int, size=0x4)
	arg 2: len=0x18, root=0x6c, name=26/28 "CRYPTBASE.dll", att=0x40, sd=0x00000000, sqos=0x00000000 (type=OBJECT_ATTRIBUTES*, size=0x4)
    succeeded =>
	arg 0: 0x0031eb50 => 0x110 (type=HANDLE*, size=0x4)
	retval: 0x0 (type=NTSTATUS, size=0x4)
NtMapViewOfSection
	arg 0: 0x110 (type=HANDLE, size=0x4)
	arg 1: 0xffffffff (type=HANDLE, size=0x4)
	arg 2: 0x0061a068 => 0x00000000 (type=void **, size=0x4)
	arg 3: 0x0 (type=unsigned int, size=0x4)
	arg 4: 0x0 (type=unsigned int, size=0x4)
	arg 5: <null> (type=LARGE_INTEGER*, size=0x4)
	arg 6: 0x0031eafc => 0x0 (type=unsigned int*, size=0x4)
	arg 7: 0x1 (type=int, size=0x4)
	arg 8: MEM_ROTATE (type=named constant, value=0x800000, size=0x4)
	arg 9: PAGE_READWRITE (type=named constant, value=0x4, size=0x4)
    succeeded =>
	arg 2: 0x0061a068 => 0x74640000 (type=void **, size=0x4)
	arg 5: <null> (type=LARGE_INTEGER*, size=0x4)
	arg 6: 0x0031eafc => 0xa000 (type=unsigned int*, size=0x4)
	retval: 0x0 (type=NTSTATUS, size=0x4)
NtWow64IsProcessorFeaturePresent
	arg 0: 0x1c (type=unsigned int, size=0x4)
    succeeded =>
	retval: 0x1 (type=NTSTATUS, size=0x4)
NtQueryPerformanceCounter
	arg 0: 0x0031eaa8 (type=LARGE_INTEGER*, size=0x4)
	arg 1: <null> (type=LARGE_INTEGER*, size=0x4)
    succeeded =>
	arg 0: 0x6882369a19 (type=LARGE_INTEGER*, size=0x4)
	arg 1: <null> (type=LARGE_INTEGER*, size=0x4)
	retval: 0x0 (type=NTSTATUS, size=0x4)
NtProtectVirtualMemory
	arg 0: 0xffffffff (type=HANDLE, size=0x4)
	arg 1: 0x0031eae0 => 0x74647000 (type=void **, size=0x4)
	arg 2: 0x0031eae4 => 0x28 (type=unsigned int*, size=0x4)
	arg 3: PAGE_READONLY (type=named constant, value=0x2, size=0x4)
	arg 4: 0x0031eadc (type=unsigned int*, size=0x4)
    succeeded =>
	arg 1: 0x0031eae0 => 0x74647000 (type=void **, size=0x4)
	arg 2: 0x0031eae4 => 0x1000 (type=unsigned int*, size=0x4)
	arg 4: 0x0031eadc => 0x4 (type=unsigned int*, size=0x4)
	retval: 0x0 (type=NTSTATUS, size=0x4)
NtProtectVirtualMemory
	arg 0: 0xffffffff (type=HANDLE, size=0x4)
	arg 1: 0x0031eab0 => 0x77ca2000 (type=void **, size=0x4)
	arg 2: 0x0031eab4 => 0x22d8 (type=unsigned int*, size=0x4)
	arg 3: PAGE_READWRITE (type=named constant, value=0x4, size=0x4)
	arg 4: 0x0031eab8 (type=unsigned int*, size=0x4)
    succeeded =>
	arg 1: 0x0031eab0 => 0x77ca2000 (type=void **, size=0x4)
	arg 2: 0x0031eab4 => 0x3000 (type=unsigned int*, size=0x4)
	arg 4: 0x0031eab8 => 0x2 (type=unsigned int*, size=0x4)
	retval: 0x0 (type=NTSTATUS, size=0x4)
NtProtectVirtualMemory
	arg 0: 0xffffffff (type=HANDLE, size=0x4)
	arg 1: 0x0031eab0 => 0x77ca2000 (type=void **, size=0x4)
	arg 2: 0x0031eab4 => 0x22d8 (type=unsigned int*, size=0x4)
	arg 3: PAGE_READONLY (type=named constant, value=0x2, size=0x4)
	arg 4: 0x0031eab8 (type=unsigned int*, size=0x4)
    succeeded =>
	arg 1: 0x0031eab0 => 0x77ca2000 (type=void **, size=0x4)
	arg 2: 0x0031eab4 => 0x3000 (type=unsigned int*, size=0x4)
	arg 4: 0x0031eab8 => 0x4 (type=unsigned int*, size=0x4)
	retval: 0x0 (type=NTSTATUS, size=0x4)
NtProtectVirtualMemory
	arg 0: 0xffffffff (type=HANDLE, size=0x4)
	arg 1: 0x0031eac8 => 0x74646000 (type=void **, size=0x4)
	arg 2: 0x0031eacc => 0x80 (type=unsigned int*, size=0x4)
	arg 3: PAGE_READWRITE (type=named constant, value=0x4, size=0x4)
	arg 4: 0x0061e02c (type=unsigned int*, size=0x4)
    succeeded =>
	arg 1: 0x0031eac8 => 0x74646000 (type=void **, size=0x4)
	arg 2: 0x0031eacc => 0x1000 (type=unsigned int*, size=0x4)
	arg 4: 0x0061e02c => 0x2 (type=unsigned int*, size=0x4)
	retval: 0x0 (type=NTSTATUS, size=0x4)
NtOpenSection
	arg 0: 0x0031e7a0 (type=HANDLE*, size=0x4)
	arg 1: 0xf (type=unsigned int, size=0x4)
	arg 2: len=0x18, root=0x6c, name=40/42 "bcryptPrimitives.dll", att=0x40, sd=0x00000000, sqos=0x00000000 (type=OBJECT_ATTRIBUTES*, size=0x4)
    succeeded =>
	arg 0: 0x0031e7a0 => 0x10c (type=HANDLE*, size=0x4)
	retval: 0x0 (type=NTSTATUS, size=0x4)
NtMapViewOfSection
	arg 0: 0x10c (type=HANDLE, size=0x4)
	arg 1: 0xffffffff (type=HANDLE, size=0x4)
	arg 2: 0x0061a118 => 0x00000000 (type=void **, size=0x4)
	arg 3: 0x0 (type=unsigned int, size=0x4)
	arg 4: 0x0 (type=unsigned int, size=0x4)
	arg 5: <null> (type=LARGE_INTEGER*, size=0x4)
	arg 6: 0x0031e74c => 0x0 (type=unsigned int*, size=0x4)
	arg 7: 0x1 (type=int, size=0x4)
	arg 8: MEM_ROTATE (type=named constant, value=0x800000, size=0x4)
	arg 9: PAGE_READWRITE (type=named constant, value=0x4, size=0x4)
    succeeded =>
	arg 2: 0x0061a118 => 0x74be0000 (type=void **, size=0x4)
	arg 5: <null> (type=LARGE_INTEGER*, size=0x4)
	arg 6: 0x0031e74c => 0x5a000 (type=unsigned int*, size=0x4)
	retval: 0x0 (type=NTSTATUS, size=0x4)
NtWow64IsProcessorFeaturePresent
	arg 0: 0x1c (type=unsigned int, size=0x4)
    succeeded =>
	retval: 0x1 (type=NTSTATUS, size=0x4)
NtQueryPerformanceCounter
	arg 0: 0x0031e6f8 (type=LARGE_INTEGER*, size=0x4)
	arg 1: <null> (type=LARGE_INTEGER*, size=0x4)
    succeeded =>
	arg 0: 0x6882369e39 (type=LARGE_INTEGER*, size=0x4)
	arg 1: <null> (type=LARGE_INTEGER*, size=0x4)
	retval: 0x0 (type=NTSTATUS, size=0x4)
NtProtectVirtualMemory
	arg 0: 0xffffffff (type=HANDLE, size=0x4)
	arg 1: 0x0031e700 => 0x77ca2000 (type=void **, size=0x4)
	arg 2: 0x0031e704 => 0x22d8 (type=unsigned int*, size=0x4)
	arg 3: PAGE_READWRITE (type=named constant, value=0x4, size=0x4)
	arg 4: 0x0031e708 (type=unsigned int*, size=0x4)
    succeeded =>
	arg 1: 0x0031e700 => 0x77ca2000 (type=void **, size=0x4)
	arg 2: 0x0031e704 => 0x3000 (type=unsigned int*, size=0x4)
	arg 4: 0x0031e708 => 0x2 (type=unsigned int*, size=0x4)
	retval: 0x0 (type=NTSTATUS, size=0x4)
NtProtectVirtualMemory
	arg 0: 0xffffffff (type=HANDLE, size=0x4)
	arg 1: 0x0031e700 => 0x77ca2000 (type=void **, size=0x4)
	arg 2: 0x0031e704 => 0x22d8 (type=unsigned int*, size=0x4)
	arg 3: PAGE_READONLY (type=named constant, value=0x2, size=0x4)
	arg 4: 0x0031e708 (type=unsigned int*, size=0x4)
    succeeded =>
	arg 1: 0x0031e700 => 0x77ca2000 (type=void **, size=0x4)
	arg 2: 0x0031e704 => 0x3000 (type=unsigned int*, size=0x4)
	arg 4: 0x0031e708 => 0x4 (type=unsigned int*, size=0x4)
	retval: 0x0 (type=NTSTATUS, size=0x4)
NtProtectVirtualMemory
	arg 0: 0xffffffff (type=HANDLE, size=0x4)
	arg 1: 0x0031e718 => 0x74c36000 (type=void **, size=0x4)
	arg 2: 0x0031e71c => 0xfc (type=unsigned int*, size=0x4)
	arg 3: PAGE_READWRITE (type=named constant, value=0x4, size=0x4)
	arg 4: 0x0061c764 (type=unsigned int*, size=0x4)
    succeeded =>
	arg 1: 0x0031e718 => 0x74c36000 (type=void **, size=0x4)
	arg 2: 0x0031e71c => 0x1000 (type=unsigned int*, size=0x4)
	arg 4: 0x0061c764 => 0x2 (type=unsigned int*, size=0x4)
	retval: 0x0 (type=NTSTATUS, size=0x4)
NtClose
	arg 0: 0x10c (type=HANDLE, size=0x4)
    succeeded =>
	retval: 0x0 (type=NTSTATUS, size=0x4)
NtClose
	arg 0: 0x110 (type=HANDLE, size=0x4)
    succeeded =>
	retval: 0x0 (type=NTSTATUS, size=0x4)
NtOpenSection
	arg 0: 0x0031eb50 (type=HANDLE*, size=0x4)
	arg 1: 0xf (type=unsigned int, size=0x4)
	arg 2: len=0x18, root=0x6c, name=22/24 "sechost.dll", att=0x40, sd=0x00000000, sqos=0x00000000 (type=OBJECT_ATTRIBUTES*, size=0x4)
    succeeded =>
	arg 0: 0x0031eb50 => 0x110 (type=HANDLE*, size=0x4)
	retval: 0x0 (type=NTSTATUS, size=0x4)
NtMapViewOfSection
	arg 0: 0x110 (type=HANDLE, size=0x4)
	arg 1: 0xffffffff (type=HANDLE, size=0x4)
	arg 2: 0x0063cca8 => 0x00000000 (type=void **, size=0x4)
	arg 3: 0x0 (type=unsigned int, size=0x4)
	arg 4: 0x0 (type=unsigned int, size=0x4)
	arg 5: <null> (type=LARGE_INTEGER*, size=0x4)
	arg 6: 0x0031eafc => 0x0 (type=unsigned int*, size=0x4)
	arg 7: 0x1 (type=int, size=0x4)
	arg 8: MEM_ROTATE (type=named constant, value=0x800000, size=0x4)
	arg 9: PAGE_READWRITE (type=named constant, value=0x4, size=0x4)
    succeeded =>
	arg 2: 0x0063cca8 => 0x74ef0000 (type=void **, size=0x4)
	arg 5: <null> (type=LARGE_INTEGER*, size=0x4)
	arg 6: 0x0031eafc => 0x41000 (type=unsigned int*, size=0x4)
	retval: 0x0 (type=NTSTATUS, size=0x4)
NtWow64IsProcessorFeaturePresent
	arg 0: 0x1c (type=unsigned int, size=0x4)
    succeeded =>
	retval: 0x1 (type=NTSTATUS, size=0x4)
NtQueryPerformanceCounter
	arg 0: 0x0031eaa8 (type=LARGE_INTEGER*, size=0x4)
	arg 1: <null> (type=LARGE_INTEGER*, size=0x4)
    succeeded =>
	arg 0: 0x688236a1df (type=LARGE_INTEGER*, size=0x4)
	arg 1: <null> (type=LARGE_INTEGER*, size=0x4)
	retval: 0x0 (type=NTSTATUS, size=0x4)
NtProtectVirtualMemory
	arg 0: 0xffffffff (type=HANDLE, size=0x4)
	arg 1: 0x0031eae0 => 0x74f2c000 (type=void **, size=0x4)
	arg 2: 0x0031eae4 => 0x2c (type=unsigned int*, size=0x4)
	arg 3: PAGE_READONLY (type=named constant, value=0x2, size=0x4)
	arg 4: 0x0031eadc (type=unsigned int*, size=0x4)
    succeeded =>
	arg 1: 0x0031eae0 => 0x74f2c000 (type=void **, size=0x4)
	arg 2: 0x0031eae4 => 0x1000 (type=unsigned int*, size=0x4)
	arg 4: 0x0031eadc => 0x4 (type=unsigned int*, size=0x4)
	retval: 0x0 (type=NTSTATUS, size=0x4)
NtProtectVirtualMemory
	arg 0: 0xffffffff (type=HANDLE, size=0x4)
	arg 1: 0x0031eab0 => 0x77ca2000 (type=void **, size=0x4)
	arg 2: 0x0031eab4 => 0x22d8 (type=unsigned int*, size=0x4)
	arg 3: PAGE_READWRITE (type=named constant, value=0x4, size=0x4)
	arg 4: 0x0031eab8 (type=unsigned int*, size=0x4)
    succeeded =>
	arg 1: 0x0031eab0 => 0x77ca2000 (type=void **, size=0x4)
	arg 2: 0x0031eab4 => 0x3000 (type=unsigned int*, size=0x4)
	arg 4: 0x0031eab8 => 0x2 (type=unsigned int*, size=0x4)
	retval: 0x0 (type=NTSTATUS, size=0x4)
NtProtectVirtualMemory
	arg 0: 0xffffffff (type=HANDLE, size=0x4)
	arg 1: 0x0031eab0 => 0x77ca2000 (type=void **, size=0x4)
	arg 2: 0x0031eab4 => 0x22d8 (type=unsigned int*, size=0x4)
	arg 3: PAGE_READONLY (type=named constant, value=0x2, size=0x4)
	arg 4: 0x0031eab8 (type=unsigned int*, size=0x4)
    succeeded =>
	arg 1: 0x0031eab0 => 0x77ca2000 (type=void **, size=0x4)
	arg 2: 0x0031eab4 => 0x3000 (type=unsigned int*, size=0x4)
	arg 4: 0x0031eab8 => 0x4 (type=unsigned int*, size=0x4)
	retval: 0x0 (type=NTSTATUS, size=0x4)
NtProtectVirtualMemory
	arg 0: 0xffffffff (type=HANDLE, size=0x4)
	arg 1: 0x0031eac8 => 0x74f29000 (type=void **, size=0x4)
	arg 2: 0x0031eacc => 0x4b8 (type=unsigned int*, size=0x4)
	arg 3: PAGE_READWRITE (type=named constant, value=0x4, size=0x4)
	arg 4: 0x0061a1fc (type=unsigned int*, size=0x4)
    succeeded =>
	arg 1: 0x0031eac8 => 0x74f29000 (type=void **, size=0x4)
	arg 2: 0x0031eacc => 0x1000 (type=unsigned int*, size=0x4)
	arg 4: 0x0061a1fc => 0x2 (type=unsigned int*, size=0x4)
	retval: 0x0 (type=NTSTATUS, size=0x4)
NtClose
	arg 0: 0x110 (type=HANDLE, size=0x4)
    succeeded =>
	retval: 0x0 (type=NTSTATUS, size=0x4)
NtClose
	arg 0: 0x104 (type=HANDLE, size=0x4)
    succeeded =>
	retval: 0x0 (type=NTSTATUS, size=0x4)
NtClose
	arg 0: 0x9c (type=HANDLE, size=0x4)
    succeeded =>
	retval: 0x0 (type=NTSTATUS, size=0x4)
NtProtectVirtualMemory
	arg 0: 0xffffffff (type=HANDLE, size=0x4)
	arg 1: 0x00627810 => 0x74aa7000 (type=void **, size=0x4)
	arg 2: 0x00627814 => 0x3c4 (type=unsigned int*, size=0x4)
	arg 3: PAGE_READONLY (type=named constant, value=0x2, size=0x4)
	arg 4: 0x0031f55c (type=unsigned int*, size=0x4)
    succeeded =>
	arg 1: 0x00627810 => 0x74aa7000 (type=void **, size=0x4)
	arg 2: 0x00627814 => 0x1000 (type=unsigned int*, size=0x4)
	arg 4: 0x0031f55c => 0x4 (type=unsigned int*, size=0x4)
	retval: 0x0 (type=NTSTATUS, size=0x4)
NtClose
	arg 0: 0x114 (type=HANDLE, size=0x4)
    succeeded =>
	retval: 0x0 (type=NTSTATUS, size=0x4)
NtProtectVirtualMemory
	arg 0: 0xffffffff (type=HANDLE, size=0x4)
	arg 1: 0x00627a98 => 0x00927000 (type=void **, size=0x4)
	arg 2: 0x00627a9c => 0x2a8 (type=unsigned int*, size=0x4)
	arg 3: PAGE_READONLY (type=named constant, value=0x2, size=0x4)
	arg 4: 0x0031f5a4 (type=unsigned int*, size=0x4)
    succeeded =>
	arg 1: 0x00627a98 => 0x00927000 (type=void **, size=0x4)
	arg 2: 0x00627a9c => 0x1000 (type=unsigned int*, size=0x4)
	arg 4: 0x0031f5a4 => 0x4 (type=unsigned int*, size=0x4)
	retval: 0x0 (type=NTSTATUS, size=0x4)
NtProtectVirtualMemory
	arg 0: 0xffffffff (type=HANDLE, size=0x4)
	arg 1: 0x0061c750 => 0x74c36000 (type=void **, size=0x4)
	arg 2: 0x0061c754 => 0xfc (type=unsigned int*, size=0x4)
	arg 3: PAGE_READONLY (type=named constant, value=0x2, size=0x4)
	arg 4: 0x0031f5a4 (type=unsigned int*, size=0x4)
    succeeded =>
	arg 1: 0x0061c750 => 0x74c36000 (type=void **, size=0x4)
	arg 2: 0x0061c754 => 0x1000 (type=unsigned int*, size=0x4)
	arg 4: 0x0031f5a4 => 0x4 (type=unsigned int*, size=0x4)
	retval: 0x0 (type=NTSTATUS, size=0x4)
NtProtectVirtualMemory
	arg 0: 0xffffffff (type=HANDLE, size=0x4)
	arg 1: 0x0061e018 => 0x74646000 (type=void **, size=0x4)
	arg 2: 0x0061e01c => 0x80 (type=unsigned int*, size=0x4)
	arg 3: PAGE_READONLY (type=named constant, value=0x2, size=0x4)
	arg 4: 0x0031f5a4 (type=unsigned int*, size=0x4)
    succeeded =>
	arg 1: 0x0061e018 => 0x74646000 (type=void **, size=0x4)
	arg 2: 0x0061e01c => 0x1000 (type=unsigned int*, size=0x4)
	arg 4: 0x0031f5a4 => 0x4 (type=unsigned int*, size=0x4)
	retval: 0x0 (type=NTSTATUS, size=0x4)
NtProtectVirtualMemory
	arg 0: 0xffffffff (type=HANDLE, size=0x4)
	arg 1: 0x0061a1e8 => 0x74f29000 (type=void **, size=0x4)
	arg 2: 0x0061a1ec => 0x4b8 (type=unsigned int*, size=0x4)
	arg 3: PAGE_READONLY (type=named constant, value=0x2, size=0x4)
	arg 4: 0x0031f5a4 (type=unsigned int*, size=0x4)
    succeeded =>
	arg 1: 0x0061a1e8 => 0x74f29000 (type=void **, size=0x4)
	arg 2: 0x0061a1ec => 0x1000 (type=unsigned int*, size=0x4)
	arg 4: 0x0031f5a4 => 0x4 (type=unsigned int*, size=0x4)
	retval: 0x0 (type=NTSTATUS, size=0x4)
NtProtectVirtualMemory
	arg 0: 0xffffffff (type=HANDLE, size=0x4)
	arg 1: 0x00616678 => 0x74669000 (type=void **, size=0x4)
	arg 2: 0x0061667c => 0x23c (type=unsigned int*, size=0x4)
	arg 3: PAGE_READONLY (type=named constant, value=0x2, size=0x4)
	arg 4: 0x0031f5a4 (type=unsigned int*, size=0x4)
    succeeded =>
	arg 1: 0x00616678 => 0x74669000 (type=void **, size=0x4)
	arg 2: 0x0061667c => 0x1000 (type=unsigned int*, size=0x4)
	arg 4: 0x0031f5a4 => 0x4 (type=unsigned int*, size=0x4)
	retval: 0x0 (type=NTSTATUS, size=0x4)
NtProtectVirtualMemory
	arg 0: 0xffffffff (type=HANDLE, size=0x4)
	arg 1: 0x0062edd0 => 0x77091000 (type=void **, size=0x4)
	arg 2: 0x0062edd4 => 0x568 (type=unsigned int*, size=0x4)
	arg 3: PAGE_READONLY (type=named constant, value=0x2, size=0x4)
	arg 4: 0x0031f5a4 (type=unsigned int*, size=0x4)
    succeeded =>
	arg 1: 0x0062edd0 => 0x77091000 (type=void **, size=0x4)
	arg 2: 0x0062edd4 => 0x1000 (type=unsigned int*, size=0x4)
	arg 4: 0x0031f5a4 => 0x4 (type=unsigned int*, size=0x4)
	retval: 0x0 (type=NTSTATUS, size=0x4)
NtApphelpCacheControl
	arg 0: 0x6 (type=unsigned int, size=0x4)
	arg 1: 0/0 "" (type=UNICODE_STRING*, size=0x4)
    succeeded =>
	retval: 0x0 (type=NTSTATUS, size=0x4)
NtApphelpCacheControl
	arg 0: 0x6 (type=unsigned int, size=0x4)
	arg 1: 0/0 "" (type=UNICODE_STRING*, size=0x4)
    succeeded =>
	retval: 0x0 (type=NTSTATUS, size=0x4)
NtApphelpCacheControl
	arg 0: 0x6 (type=unsigned int, size=0x4)
	arg 1: 0/0 "" (type=UNICODE_STRING*, size=0x4)
    succeeded =>
	retval: 0x0 (type=NTSTATUS, size=0x4)
NtApphelpCacheControl
	arg 0: 0x6 (type=unsigned int, size=0x4)
	arg 1: 0/0 "" (type=UNICODE_STRING*, size=0x4)
    succeeded =>
	retval: 0x0 (type=NTSTATUS, size=0x4)
NtApphelpCacheControl
	arg 0: 0x6 (type=unsigned int, size=0x4)
	arg 1: 0/0 "" (type=UNICODE_STRING*, size=0x4)
    succeeded =>
	retval: 0x0 (type=NTSTATUS, size=0x4)
NtApphelpCacheControl
	arg 0: 0x6 (type=unsigned int, size=0x4)
	arg 1: 0/0 "" (type=UNICODE_STRING*, size=0x4)
    succeeded =>
	retval: 0x0 (type=NTSTATUS, size=0x4)
NtApphelpCacheControl
	arg 0: 0x6 (type=unsigned int, size=0x4)
	arg 1: 0/0 "" (type=UNICODE_STRING*, size=0x4)
    succeeded =>
	retval: 0x0 (type=NTSTATUS, size=0x4)
NtAllocateVirtualMemory
	arg 0: 0xffffffff (type=HANDLE, size=0x4)
	arg 1: 0x0031f304 => 0x00000000 (type=void **, size=0x4)
	arg 2: 0x0 (type=unsigned int, size=0x4)
	arg 3: 0x0031f300 => 0x130000 (type=unsigned int*, size=0x4)
	arg 4: MEM_RESERVE (type=named constant, value=0x2000, size=0x4)
	arg 5: PAGE_READWRITE (type=named constant, value=0x4, size=0x4)
    succeeded =>
	arg 1: 0x0031f304 => 0x00930000 (type=void **, size=0x4)
	arg 3: 0x0031f300 => 0x130000 (type=unsigned int*, size=0x4)
	retval: 0x0 (type=NTSTATUS, size=0x4)
NtFreeVirtualMemory
	arg 0: 0xffffffff (type=HANDLE, size=0x4)
	arg 1: 0x0031f304 => 0x00930000 (type=void **, size=0x4)
	arg 2: 0x0031f30c => 0x120000 (type=unsigned int*, size=0x4)
	arg 3: MEM_RELEASE (type=named constant, value=0x8000, size=0x4)
    succeeded =>
	arg 1: 0x0031f304 => 0x00930000 (type=void **, size=0x4)
	arg 2: 0x0031f30c => 0x120000 (type=unsigned int*, size=0x4)
	retval: 0x0 (type=NTSTATUS, size=0x4)
NtAllocateVirtualMemory
	arg 0: 0xffffffff (type=HANDLE, size=0x4)
	arg 1: 0x0031f318 => 0x00a50000 (type=void **, size=0x4)
	arg 2: 0x0 (type=unsigned int, size=0x4)
	arg 3: 0x0031f31c => 0x1000 (type=unsigned int*, size=0x4)
	arg 4: MEM_COMMIT (type=named constant, value=0x1000, size=0x4)
	arg 5: PAGE_READWRITE (type=named constant, value=0x4, size=0x4)
    succeeded =>
	arg 1: 0x0031f318 => 0x00a50000 (type=void **, size=0x4)
	arg 3: 0x0031f31c => 0x1000 (type=unsigned int*, size=0x4)
	retval: 0x0 (type=NTSTATUS, size=0x4)
NtQueryInformationProcess
	arg 0: 0xffffffff (type=HANDLE, size=0x4)
	arg 1: 0x24 (type=int, size=0x4)
	arg 2: 0x0031f3d4 (type=<struct>*, size=0x4)
	arg 3: 0x4 (type=unsigned int, size=0x4)
	arg 4: 0x00000000 (type=unsigned int*, size=0x4)
    succeeded =>
	arg 2: <NYI> (type=<struct>*, size=0x4)
	arg 4: 0x00000000 (type=unsigned int*, size=0x4)
	retval: 0x0 (type=NTSTATUS, size=0x4)
NtQueryInformationProcess
	arg 0: 0xffffffff (type=HANDLE, size=0x4)
	arg 1: 0x24 (type=int, size=0x4)
	arg 2: 0x0031f3b0 (type=<struct>*, size=0x4)
	arg 3: 0x4 (type=unsigned int, size=0x4)
	arg 4: 0x00000000 (type=unsigned int*, size=0x4)
    succeeded =>
	arg 2: <NYI> (type=<struct>*, size=0x4)
	arg 4: 0x00000000 (type=unsigned int*, size=0x4)
	retval: 0x0 (type=NTSTATUS, size=0x4)
NtQueryVolumeInformationFile.FileFsDeviceInformation
	arg 0: 0x48 (type=HANDLE, size=0x4)
	arg 1: 0x0031f4c4 (type=IO_STATUS_BLOCK*, size=0x4)
	arg 2: 0x0031f4cc (type=<struct>*, size=0x4)
	arg 3: 0x8 (type=unsigned int, size=0x4)
	arg 4: 0x4 (type=named constant, size=0x4)
    succeeded =>
	arg 1: status=0x0, info=0x8 (type=IO_STATUS_BLOCK*, size=0x4)
	arg 2: _FILE_FS_DEVICE_INFORMATION {int=0x50, int=0x20000} (type=<struct>*, size=0x4)
	retval: 0x0 (type=NTSTATUS, size=0x4)
NtQueryVolumeInformationFile.FileFsDeviceInformation
	arg 0: 0x1a4 (type=HANDLE, size=0x4)
	arg 1: 0x0031f4c4 (type=IO_STATUS_BLOCK*, size=0x4)
	arg 2: 0x0031f4cc (type=<struct>*, size=0x4)
	arg 3: 0x8 (type=unsigned int, size=0x4)
	arg 4: 0x4 (type=named constant, size=0x4)
    succeeded =>
	arg 1: status=0x0, info=0x8 (type=IO_STATUS_BLOCK*, size=0x4)
	arg 2: _FILE_FS_DEVICE_INFORMATION {int=0x50, int=0x20000} (type=<struct>*, size=0x4)
	retval: 0x0 (type=NTSTATUS, size=0x4)
NtQueryVolumeInformationFile.FileFsDeviceInformation
	arg 0: 0x50 (type=HANDLE, size=0x4)
	arg 1: 0x0031f4c4 (type=IO_STATUS_BLOCK*, size=0x4)
	arg 2: 0x0031f4cc (type=<struct>*, size=0x4)
	arg 3: 0x8 (type=unsigned int, size=0x4)
	arg 4: 0x4 (type=named constant, size=0x4)
    succeeded =>
	arg 1: status=0x0, info=0x8 (type=IO_STATUS_BLOCK*, size=0x4)
	arg 2: _FILE_FS_DEVICE_INFORMATION {int=0x50, int=0x20000} (type=<struct>*, size=0x4)
	retval: 0x0 (type=NTSTATUS, size=0x4)
NtAllocateVirtualMemory
	arg 0: 0xffffffff (type=HANDLE, size=0x4)
	arg 1: 0x0031f320 => 0x0063d000 (type=void **, size=0x4)
	arg 2: 0x0 (type=unsigned int, size=0x4)
	arg 3: 0x0031f358 => 0xb000 (type=unsigned int*, size=0x4)
	arg 4: MEM_COMMIT (type=named constant, value=0x1000, size=0x4)
	arg 5: PAGE_READWRITE (type=named constant, value=0x4, size=0x4)
    succeeded =>
	arg 1: 0x0031f320 => 0x0063d000 (type=void **, size=0x4)
	arg 3: 0x0031f358 => 0xb000 (type=unsigned int*, size=0x4)
	retval: 0x0 (type=NTSTATUS, size=0x4)
NtAllocateVirtualMemory
	arg 0: 0xffffffff (type=HANDLE, size=0x4)
	arg 1: 0x0031f2f8 => 0x00a51000 (type=void **, size=0x4)
	arg 2: 0x0 (type=unsigned int, size=0x4)
	arg 3: 0x0031f330 => 0x6000 (type=unsigned int*, size=0x4)
	arg 4: MEM_COMMIT (type=named constant, value=0x1000, size=0x4)
	arg 5: PAGE_READWRITE (type=named constant, value=0x4, size=0x4)
    succeeded =>
	arg 1: 0x0031f2f8 => 0x00a51000 (type=void **, size=0x4)
	arg 3: 0x0031f330 => 0x6000 (type=unsigned int*, size=0x4)
	retval: 0x0 (type=NTSTATUS, size=0x4)
NtFreeVirtualMemory
	arg 0: 0xffffffff (type=HANDLE, size=0x4)
	arg 1: 0x0031f348 => 0x0063d000 (type=void **, size=0x4)
	arg 2: 0x0031f34c => 0xa000 (type=unsigned int*, size=0x4)
	arg 3: MEM_DECOMMIT (type=named constant, value=0x4000, size=0x4)
    succeeded =>
	arg 1: 0x0031f348 => 0x0063d000 (type=void **, size=0x4)
	arg 2: 0x0031f34c => 0xa000 (type=unsigned int*, size=0x4)
	retval: 0x0 (type=NTSTATUS, size=0x4)
NtFreeVirtualMemory
	arg 0: 0xffffffff (type=HANDLE, size=0x4)
	arg 1: 0x0031f348 => 0x00636000 (type=void **, size=0x4)
	arg 2: 0x0031f34c => 0x6000 (type=unsigned int*, size=0x4)
	arg 3: MEM_DECOMMIT (type=named constant, value=0x4000, size=0x4)
    succeeded =>
	arg 1: 0x0031f348 => 0x00636000 (type=void **, size=0x4)
	arg 2: 0x0031f34c => 0x6000 (type=unsigned int*, size=0x4)
	retval: 0x0 (type=NTSTATUS, size=0x4)
NtFreeVirtualMemory
	arg 0: 0xffffffff (type=HANDLE, size=0x4)
	arg 1: 0x0031f348 => 0x00629000 (type=void **, size=0x4)
	arg 2: 0x0031f34c => 0x5000 (type=unsigned int*, size=0x4)
	arg 3: MEM_DECOMMIT (type=named constant, value=0x4000, size=0x4)
    succeeded =>
	arg 1: 0x0031f348 => 0x00629000 (type=void **, size=0x4)
	arg 2: 0x0031f34c => 0x5000 (type=unsigned int*, size=0x4)
	retval: 0x0 (type=NTSTATUS, size=0x4)
NtAllocateVirtualMemory
	arg 0: 0xffffffff (type=HANDLE, size=0x4)
	arg 1: 0x0031f2c8 => 0x00a57000 (type=void **, size=0x4)
	arg 2: 0x0 (type=unsigned int, size=0x4)
	arg 3: 0x0031f300 => 0x6000 (type=unsigned int*, size=0x4)
	arg 4: MEM_COMMIT (type=named constant, value=0x1000, size=0x4)
	arg 5: PAGE_READWRITE (type=named constant, value=0x4, size=0x4)
    succeeded =>
	arg 1: 0x0031f2c8 => 0x00a57000 (type=void **, size=0x4)
	arg 3: 0x0031f300 => 0x6000 (type=unsigned int*, size=0x4)
	retval: 0x0 (type=NTSTATUS, size=0x4)
NtQueryInformationProcess
	arg 0: 0xffffffff (type=HANDLE, size=0x4)
	arg 1: 0x24 (type=int, size=0x4)
	arg 2: 0x0031f4f0 (type=<struct>*, size=0x4)
	arg 3: 0x4 (type=unsigned int, size=0x4)
	arg 4: 0x00000000 (type=unsigned int*, size=0x4)
    succeeded =>
	arg 2: <NYI> (type=<struct>*, size=0x4)
	arg 4: 0x00000000 (type=unsigned int*, size=0x4)
	retval: 0x0 (type=NTSTATUS, size=0x4)
NtQueryInformationProcess
	arg 0: 0xffffffff (type=HANDLE, size=0x4)
	arg 1: 0x24 (type=int, size=0x4)
	arg 2: 0x0031f41c (type=<struct>*, size=0x4)
	arg 3: 0x4 (type=unsigned int, size=0x4)
	arg 4: 0x00000000 (type=unsigned int*, size=0x4)
    succeeded =>
	arg 2: <NYI> (type=<struct>*, size=0x4)
	arg 4: 0x00000000 (type=unsigned int*, size=0x4)
	retval: 0x0 (type=NTSTATUS, size=0x4)
NtQueryInformationProcess
	arg 0: 0xffffffff (type=HANDLE, size=0x4)
	arg 1: 0x24 (type=int, size=0x4)
	arg 2: 0x0031f494 (type=<struct>*, size=0x4)
	arg 3: 0x4 (type=unsigned int, size=0x4)
	arg 4: 0x00000000 (type=unsigned int*, size=0x4)
    succeeded =>
	arg 2: <NYI> (type=<struct>*, size=0x4)
	arg 4: 0x00000000 (type=unsigned int*, size=0x4)
	retval: 0x0 (type=NTSTATUS, size=0x4)
NtQueryInformationProcess
	arg 0: 0xffffffff (type=HANDLE, size=0x4)
	arg 1: 0x24 (type=int, size=0x4)
	arg 2: 0x0031f490 (type=<struct>*, size=0x4)
	arg 3: 0x4 (type=unsigned int, size=0x4)
	arg 4: 0x00000000 (type=unsigned int*, size=0x4)
    succeeded =>
	arg 2: <NYI> (type=<struct>*, size=0x4)
	arg 4: 0x00000000 (type=unsigned int*, size=0x4)
	retval: 0x0 (type=NTSTATUS, size=0x4)
NtQueryInformationProcess
	arg 0: 0xffffffff (type=HANDLE, size=0x4)
	arg 1: 0x24 (type=int, size=0x4)
	arg 2: 0x0031f494 (type=<struct>*, size=0x4)
	arg 3: 0x4 (type=unsigned int, size=0x4)
	arg 4: 0x00000000 (type=unsigned int*, size=0x4)
    succeeded =>
	arg 2: <NYI> (type=<struct>*, size=0x4)
	arg 4: 0x00000000 (type=unsigned int*, size=0x4)
	retval: 0x0 (type=NTSTATUS, size=0x4)
NtQueryInformationProcess
	arg 0: 0xffffffff (type=HANDLE, size=0x4)
	arg 1: 0x24 (type=int, size=0x4)
	arg 2: 0x0031f490 (type=<struct>*, size=0x4)
	arg 3: 0x4 (type=unsigned int, size=0x4)
	arg 4: 0x00000000 (type=unsigned int*, size=0x4)
    succeeded =>
	arg 2: <NYI> (type=<struct>*, size=0x4)
	arg 4: 0x00000000 (type=unsigned int*, size=0x4)
	retval: 0x0 (type=NTSTATUS, size=0x4)
NtWow64IsProcessorFeaturePresent
	arg 0: 0x11 (type=unsigned int, size=0x4)
    succeeded =>
	retval: 0x1 (type=NTSTATUS, size=0x4)
NtTraceControl
	arg 0: 0xf (type=unsigned int, size=0x4)
	arg 1: <NYI> (type=<unknown>*, size=0x4)
	arg 2: 0xa0 (type=unsigned int, size=0x4)
	arg 3: 0x0031f398 (type=<struct>*, size=0x4)
	arg 4: 0xa0 (type=unsigned int, size=0x4)
	arg 5: 0x0031f388 (type=unsigned int*, size=0x4)
    succeeded =>
	arg 3: <NYI> (type=<struct>*, size=0x4)
	arg 5: 0x0031f388 => 0xa0 (type=unsigned int*, size=0x4)
	retval: 0x0 (type=NTSTATUS, size=0x4)
NtWow64IsProcessorFeaturePresent
	arg 0: 0x3 (type=unsigned int, size=0x4)
    succeeded =>
	retval: 0x1 (type=NTSTATUS, size=0x4)
NtWow64IsProcessorFeaturePresent
	arg 0: 0xa (type=unsigned int, size=0x4)
    succeeded =>
	retval: 0x1 (type=NTSTATUS, size=0x4)
NtOpenKey
	arg 0: 0x0031f30c (type=HANDLE*, size=0x4)
	arg 1: 0x1 (type=unsigned int, size=0x4)
	arg 2: len=0x18, root=0x0, name=148/150 "\Registry\Machine\System\CurrentControlSet\Control\Lsa\FipsAlgorithmPolicy", att=0x240, sd=0x00000000, sqos=0x00000000 (type=OBJECT_ATTRIBUTES*, size=0x4)
    succeeded =>
	arg 0: 0x0031f30c => 0x9c (type=HANDLE*, size=0x4)
	retval: 0x0 (type=NTSTATUS, size=0x4)
NtQueryValueKey
	arg 0: 0x9c (type=HANDLE, size=0x4)
	arg 1: 14/16 "Enabled" (type=UNICODE_STRING*, size=0x4)
	arg 2: 0x2 (type=int, size=0x4)
	arg 3: 0x0031f314 (type=<struct>*, size=0x4)
	arg 4: 0x14 (type=unsigned int, size=0x4)
	arg 5: 0x0031f2fc (type=unsigned int*, size=0x4)
    succeeded =>
	arg 3: <NYI> (type=<struct>*, size=0x4)
	arg 5: 0x0031f2fc => 0x10 (type=unsigned int*, size=0x4)
	retval: 0x0 (type=NTSTATUS, size=0x4)
NtOpenKey
	arg 0: 0x0031f308 (type=HANDLE*, size=0x4)
	arg 1: 0x1 (type=unsigned int, size=0x4)
	arg 2: len=0x18, root=0x0, name=108/110 "\Registry\Machine\System\CurrentControlSet\Control\Lsa", att=0x240, sd=0x00000000, sqos=0x00000000 (type=OBJECT_ATTRIBUTES*, size=0x4)
    succeeded =>
	arg 0: 0x0031f308 => 0x104 (type=HANDLE*, size=0x4)
	retval: 0x0 (type=NTSTATUS, size=0x4)
NtQueryValueKey
	arg 0: 0x104 (type=HANDLE, size=0x4)
	arg 1: 38/40 "FipsAlgorithmPolicy" (type=UNICODE_STRING*, size=0x4)
	arg 2: 0x2 (type=int, size=0x4)
	arg 3: 0x0031f314 (type=<struct>*, size=0x4)
	arg 4: 0x14 (type=unsigned int, size=0x4)
	arg 5: 0x0031f2fc (type=unsigned int*, size=0x4)
    failed (error=0xc0000034) =>
	arg 3: <NYI> (type=<struct>*, size=0x4)
	arg 5: 0x0031f2fc => 0x10 (type=unsigned int*, size=0x4)
	retval: 0xc0000034 (type=NTSTATUS, size=0x4)
NtQueryValueKey
	arg 0: 0x9c (type=HANDLE, size=0x4)
	arg 1: 20/22 "MDMEnabled" (type=UNICODE_STRING*, size=0x4)
	arg 2: 0x2 (type=int, size=0x4)
	arg 3: 0x0031f314 (type=<struct>*, size=0x4)
	arg 4: 0x14 (type=unsigned int, size=0x4)
	arg 5: 0x0031f2fc (type=unsigned int*, size=0x4)
    succeeded =>
	arg 3: <NYI> (type=<struct>*, size=0x4)
	arg 5: 0x0031f2fc => 0x10 (type=unsigned int*, size=0x4)
	retval: 0x0 (type=NTSTATUS, size=0x4)
NtClose
	arg 0: 0x9c (type=HANDLE, size=0x4)
    succeeded =>
	retval: 0x0 (type=NTSTATUS, size=0x4)
NtClose
	arg 0: 0x104 (type=HANDLE, size=0x4)
    succeeded =>
	retval: 0x0 (type=NTSTATUS, size=0x4)
NtOpenKey
	arg 0: 0x0031f380 (type=HANDLE*, size=0x4)
	arg 1: 0x1 (type=unsigned int, size=0x4)
	arg 2: len=0x18, root=0x0, name=176/178 "\Registry\Machine\SYSTEM\CurrentControlSet\Policies\Microsoft\Cryptography\Configuration", att=0x40, sd=0x00000000, sqos=0x00000000 (type=OBJECT_ATTRIBUTES*, size=0x4)
    failed (error=0xc0000034) =>
	arg 0: 0x0031f380 => 0x0 (type=HANDLE*, size=0x4)
	retval: 0xc0000034 (type=NTSTATUS, size=0x4)
NtOpenFile
	arg 0: 0x0031f324 (type=HANDLE*, size=0x4)
	arg 1: 0x100001 (type=unsigned int, size=0x4)
	arg 2: len=0x18, root=0x0, name=22/24 "\Device\CNG", att=0x40, sd=0x00000000, sqos=0x00000000 (type=OBJECT_ATTRIBUTES*, size=0x4)
	arg 3: 0x0031f314 (type=IO_STATUS_BLOCK*, size=0x4)
	arg 4: FILE_SHARE_READ|FILE_SHARE_WRITE|FILE_SHARE_DELETE (type=named constant, value=0x7, size=0x4)
	arg 5: FILE_SYNCHRONOUS_IO_NONALERT (type=named constant, value=0x20, size=0x4)
    succeeded =>
	arg 0: 0x0031f324 => 0x104 (type=HANDLE*, size=0x4)
	arg 3: status=0x0, info=0x0 (type=IO_STATUS_BLOCK*, size=0x4)
	retval: 0x0 (type=NTSTATUS, size=0x4)
NtDeviceIoControlFile (details not all known)
	arg 0: 0x104 (type=HANDLE, size=0x4)
	arg 1: 0x0 (type=HANDLE, size=0x4)
	arg 2: <null> (type=<function>, size=0x4)
	arg 3: <null> (type=<unknown>, size=0x4)
	arg 4: 0x0031f2bc (type=IO_STATUS_BLOCK*, size=0x4)
	arg 5: 0x390008 (type=unsigned int, size=0x4)
	arg 6: <null> (type=<unknown>*, size=0x4)
	arg 7: 0x0 (type=unsigned int, size=0x4)
	arg 8: 0x0031f36c (type=<struct>*, size=0x4)
	arg 9: 0x30 (type=unsigned int, size=0x4)
    succeeded =>
	arg 4: status=0x0, info=0x30 (type=IO_STATUS_BLOCK*, size=0x4)
	arg 8: <NYI> (type=<struct>*, size=0x4)
	retval: 0x0 (type=NTSTATUS, size=0x4)
NtQuerySystemInformation
	arg 0: 0x0 (type=int, size=0x4)
	arg 1: 0x0031f4e0 (type=<struct>*, size=0x4)
	arg 2: 0x2c (type=unsigned int, size=0x4)
	arg 3: 0x00000000 (type=unsigned int*, size=0x4)
    succeeded =>
	arg 1: <NYI> (type=<struct>*, size=0x4)
	arg 3: 0x00000000 (type=unsigned int*, size=0x4)
	retval: 0x0 (type=NTSTATUS, size=0x4)
NtQuerySystemInformation
	arg 0: 0x1 (type=int, size=0x4)
	arg 1: 0x0031f50c (type=<struct>*, size=0x4)
	arg 2: 0xc (type=unsigned int, size=0x4)
	arg 3: 0x00000000 (type=unsigned int*, size=0x4)
    succeeded =>
	arg 1: <NYI> (type=<struct>*, size=0x4)
	arg 3: 0x00000000 (type=unsigned int*, size=0x4)
	retval: 0x0 (type=NTSTATUS, size=0x4)
NtQueryInformationProcess
	arg 0: 0xffffffff (type=HANDLE, size=0x4)
	arg 1: 0x25 (type=int, size=0x4)
	arg 2: 0x0031f488 (type=<struct>*, size=0x4)
	arg 3: 0x30 (type=unsigned int, size=0x4)
	arg 4: 0x00000000 (type=unsigned int*, size=0x4)
    succeeded =>
	arg 2: <NYI> (type=<struct>*, size=0x4)
	arg 4: 0x00000000 (type=unsigned int*, size=0x4)
	retval: 0x0 (type=NTSTATUS, size=0x4)
NtCreateSemaphore
	arg 0: 0x0031f4d8 (type=HANDLE*, size=0x4)
	arg 1: 0x100003 (type=unsigned int, size=0x4)
	arg 2: <null> (type=OBJECT_ATTRIBUTES*, size=0x4)
	arg 3: 0x0 (type=int, size=0x4)
	arg 4: 0x7fffffff (type=int, size=0x4)
    succeeded =>
	arg 0: 0x0031f4d8 => 0x9c (type=HANDLE*, size=0x4)
	retval: 0x0 (type=NTSTATUS, size=0x4)
NtCreateSemaphore
	arg 0: 0x0031f4d4 (type=HANDLE*, size=0x4)
	arg 1: 0x100003 (type=unsigned int, size=0x4)
	arg 2: <null> (type=OBJECT_ATTRIBUTES*, size=0x4)
	arg 3: 0x0 (type=int, size=0x4)
	arg 4: 0x7fffffff (type=int, size=0x4)
    succeeded =>
	arg 0: 0x0031f4d4 => 0x110 (type=HANDLE*, size=0x4)
	retval: 0x0 (type=NTSTATUS, size=0x4)
NtSetEvent
	arg 0: 0x70 (type=HANDLE, size=0x4)
	arg 1: 0x00000000 (type=unsigned int*, size=0x4)
    succeeded =>
	arg 1: 0x00000000 (type=unsigned int*, size=0x4)
	retval: 0x0 (type=NTSTATUS, size=0x4)
NtQuerySecurityAttributesToken (details not all known)
	arg 0: 0xfffffffa (type=HANDLE, size=0x4)
	arg 1: <NYI> (type=<unknown>*, size=0x4)
	arg 2: 0x2 (type=unsigned int, size=0x4)
	arg 3: 0x0031f628 (type=<struct>*, size=0x4)
	arg 4: 0x2f0 (type=unsigned int, size=0x4)
	arg 5: 0x0031f5e8 (type=unsigned int*, size=0x4)
    failed (error=0xc0000225) =>
	arg 3: <NYI> (type=<struct>*, size=0x4)
	arg 5: 0x0031f5e8 => 0x0 (type=unsigned int*, size=0x4)
	retval: 0xc0000225 (type=NTSTATUS, size=0x4)
NtQuerySecurityAttributesToken (details not all known)
	arg 0: 0xfffffffa (type=HANDLE, size=0x4)
	arg 1: <NYI> (type=<unknown>*, size=0x4)
	arg 2: 0x1 (type=unsigned int, size=0x4)
	arg 3: 0x0031f628 (type=<struct>*, size=0x4)
	arg 4: 0x2f0 (type=unsigned int, size=0x4)
	arg 5: 0x0031f5e8 (type=unsigned int*, size=0x4)
    failed (error=0xc0000225) =>
	arg 3: <NYI> (type=<struct>*, size=0x4)
	arg 5: 0x0031f5e8 => 0x0 (type=unsigned int*, size=0x4)
	retval: 0xc0000225 (type=NTSTATUS, size=0x4)
NtTerminateProcess
	arg 0: 0x0 (type=HANDLE, size=0x4)
	arg 1: 0x0 (type=NTSTATUS, size=0x4)
    succeeded =>
	retval: 0x0 (type=NTSTATUS, size=0x4)
NtClose
	arg 0: 0x9c (type=HANDLE, size=0x4)
    succeeded =>
	retval: 0x0 (type=NTSTATUS, size=0x4)
NtClose
	arg 0: 0x110 (type=HANDLE, size=0x4)
    succeeded =>
	retval: 0x0 (type=NTSTATUS, size=0x4)
NtClose
	arg 0: 0x104 (type=HANDLE, size=0x4)
    succeeded =>
	retval: 0x0 (type=NTSTATUS, size=0x4)
NtClose
	arg 0: 0x114 (type=HANDLE, size=0x4)
    succeeded =>
	retval: 0x0 (type=NTSTATUS, size=0x4)
NtQueryInformationProcess
	arg 0: 0xffffffff (type=HANDLE, size=0x4)
	arg 1: 0x24 (type=int, size=0x4)
	arg 2: 0x0031f76c (type=<struct>*, size=0x4)
	arg 3: 0x4 (type=unsigned int, size=0x4)
	arg 4: 0x00000000 (type=unsigned int*, size=0x4)
    succeeded =>
	arg 2: <NYI> (type=<struct>*, size=0x4)
	arg 4: 0x00000000 (type=unsigned int*, size=0x4)
	retval: 0x0 (type=NTSTATUS, size=0x4)
NtQueryInformationProcess
	arg 0: 0xffffffff (type=HANDLE, size=0x4)
	arg 1: 0x24 (type=int, size=0x4)
	arg 2: 0x0031f76c (type=<struct>*, size=0x4)
	arg 3: 0x4 (type=unsigned int, size=0x4)
	arg 4: 0x00000000 (type=unsigned int*, size=0x4)
    succeeded =>
	arg 2: <NYI> (type=<struct>*, size=0x4)
	arg 4: 0x00000000 (type=unsigned int*, size=0x4)
	retval: 0x0 (type=NTSTATUS, size=0x4)
NtQueryInformationProcess
	arg 0: 0xffffffff (type=HANDLE, size=0x4)
	arg 1: 0x24 (type=int, size=0x4)
	arg 2: 0x0031f774 (type=<struct>*, size=0x4)
	arg 3: 0x4 (type=unsigned int, size=0x4)
	arg 4: 0x00000000 (type=unsigned int*, size=0x4)
    succeeded =>
	arg 2: <NYI> (type=<struct>*, size=0x4)
	arg 4: 0x00000000 (type=unsigned int*, size=0x4)
	retval: 0x0 (type=NTSTATUS, size=0x4)
NtQueryInformationProcess
	arg 0: 0xffffffff (type=HANDLE, size=0x4)
	arg 1: 0x24 (type=int, size=0x4)
	arg 2: 0x0031f76c (type=<struct>*, size=0x4)
	arg 3: 0x4 (type=unsigned int, size=0x4)
	arg 4: 0x00000000 (type=unsigned int*, size=0x4)
    succeeded =>
	arg 2: <NYI> (type=<struct>*, size=0x4)
	arg 4: 0x00000000 (type=unsigned int*, size=0x4)
	retval: 0x0 (type=NTSTATUS, size=0x4)
NtQueryInformationProcess
	arg 0: 0xffffffff (type=HANDLE, size=0x4)
	arg 1: 0x24 (type=int, size=0x4)
	arg 2: 0x0031f774 (type=<struct>*, size=0x4)
	arg 3: 0x4 (type=unsigned int, size=0x4)
	arg 4: 0x00000000 (type=unsigned int*, size=0x4)
    succeeded =>
	arg 2: <NYI> (type=<struct>*, size=0x4)
	arg 4: 0x00000000 (type=unsigned int*, size=0x4)
	retval: 0x0 (type=NTSTATUS, size=0x4)
NtQueryInformationProcess
	arg 0: 0xffffffff (type=HANDLE, size=0x4)
	arg 1: 0x24 (type=int, size=0x4)
	arg 2: 0x0031f738 (type=<struct>*, size=0x4)
	arg 3: 0x4 (type=unsigned int, size=0x4)
	arg 4: 0x00000000 (type=unsigned int*, size=0x4)
    succeeded =>
	arg 2: <NYI> (type=<struct>*, size=0x4)
	arg 4: 0x00000000 (type=unsigned int*, size=0x4)
	retval: 0x0 (type=NTSTATUS, size=0x4)
NtQueryInformationProcess
	arg 0: 0xffffffff (type=HANDLE, size=0x4)
	arg 1: 0x24 (type=int, size=0x4)
	arg 2: 0x0031f76c (type=<struct>*, size=0x4)
	arg 3: 0x4 (type=unsigned int, size=0x4)
	arg 4: 0x00000000 (type=unsigned int*, size=0x4)
    succeeded =>
	arg 2: <NYI> (type=<struct>*, size=0x4)
	arg 4: 0x00000000 (type=unsigned int*, size=0x4)
	retval: 0x0 (type=NTSTATUS, size=0x4)
NtQueryInformationProcess
	arg 0: 0xffffffff (type=HANDLE, size=0x4)
	arg 1: 0x24 (type=int, size=0x4)
	arg 2: 0x0031f768 (type=<struct>*, size=0x4)
	arg 3: 0x4 (type=unsigned int, size=0x4)
	arg 4: 0x00000000 (type=unsigned int*, size=0x4)
    succeeded =>
	arg 2: <NYI> (type=<struct>*, size=0x4)
	arg 4: 0x00000000 (type=unsigned int*, size=0x4)
	retval: 0x0 (type=NTSTATUS, size=0x4)
NtAllocateVirtualMemory
	arg 0: 0xffffffff (type=HANDLE, size=0x4)
	arg 1: 0x0031f58c => 0x00636000 (type=void **, size=0x4)
	arg 2: 0x0 (type=unsigned int, size=0x4)
	arg 3: 0x0031f588 => 0x6000 (type=unsigned int*, size=0x4)
	arg 4: MEM_COMMIT (type=named constant, value=0x1000, size=0x4)
	arg 5: PAGE_READWRITE (type=named constant, value=0x4, size=0x4)
    succeeded =>
	arg 1: 0x0031f58c => 0x00636000 (type=void **, size=0x4)
	arg 3: 0x0031f588 => 0x6000 (type=unsigned int*, size=0x4)
	retval: 0x0 (type=NTSTATUS, size=0x4)
NtFreeVirtualMemory
	arg 0: 0xffffffff (type=HANDLE, size=0x4)
	arg 1: 0x0031f520 => 0x00635000 (type=void **, size=0x4)
	arg 2: 0x0031f524 => 0x7000 (type=unsigned int*, size=0x4)
	arg 3: MEM_DECOMMIT (type=named constant, value=0x4000, size=0x4)
    succeeded =>
	arg 1: 0x0031f520 => 0x00635000 (type=void **, size=0x4)
	arg 2: 0x0031f524 => 0x7000 (type=unsigned int*, size=0x4)
	retval: 0x0 (type=NTSTATUS, size=0x4)
NtFreeVirtualMemory
	arg 0: 0xffffffff (type=HANDLE, size=0x4)
	arg 1: 0x0031f520 => 0x0061b000 (type=void **, size=0x4)
	arg 2: 0x0031f524 => 0x1000 (type=unsigned int*, size=0x4)
	arg 3: MEM_DECOMMIT (type=named constant, value=0x4000, size=0x4)
    succeeded =>
	arg 1: 0x0031f520 => 0x0061b000 (type=void **, size=0x4)
	arg 2: 0x0031f524 => 0x1000 (type=unsigned int*, size=0x4)
	retval: 0x0 (type=NTSTATUS, size=0x4)
NtAllocateVirtualMemory
	arg 0: 0xffffffff (type=HANDLE, size=0x4)
	arg 1: 0x0031f58c => 0x00635000 (type=void **, size=0x4)
	arg 2: 0x0 (type=unsigned int, size=0x4)
	arg 3: 0x0031f588 => 0x7000 (type=unsigned int*, size=0x4)
	arg 4: MEM_COMMIT (type=named constant, value=0x1000, size=0x4)
	arg 5: PAGE_READWRITE (type=named constant, value=0x4, size=0x4)
    succeeded =>
	arg 1: 0x0031f58c => 0x00635000 (type=void **, size=0x4)
	arg 3: 0x0031f588 => 0x7000 (type=unsigned int*, size=0x4)
	retval: 0x0 (type=NTSTATUS, size=0x4)
NtFreeVirtualMemory
	arg 0: 0xffffffff (type=HANDLE, size=0x4)
	arg 1: 0x0031f520 => 0x00634000 (type=void **, size=0x4)
	arg 2: 0x0031f524 => 0x8000 (type=unsigned int*, size=0x4)
	arg 3: MEM_DECOMMIT (type=named constant, value=0x4000, size=0x4)
    succeeded =>
	arg 1: 0x0031f520 => 0x00634000 (type=void **, size=0x4)
	arg 2: 0x0031f524 => 0x8000 (type=unsigned int*, size=0x4)
	retval: 0x0 (type=NTSTATUS, size=0x4)
NtFreeVirtualMemory
	arg 0: 0xffffffff (type=HANDLE, size=0x4)
	arg 1: 0x0031f520 => 0x00625000 (type=void **, size=0x4)
	arg 2: 0x0031f524 => 0x2000 (type=unsigned int*, size=0x4)
	arg 3: MEM_DECOMMIT (type=named constant, value=0x4000, size=0x4)
    succeeded =>
	arg 1: 0x0031f520 => 0x00625000 (type=void **, size=0x4)
	arg 2: 0x0031f524 => 0x2000 (type=unsigned int*, size=0x4)
	retval: 0x0 (type=NTSTATUS, size=0x4)
NtAllocateVirtualMemory
	arg 0: 0xffffffff (type=HANDLE, size=0x4)
	arg 1: 0x0031f57c => 0x00625000 (type=void **, size=0x4)
	arg 2: 0x0 (type=unsigned int, size=0x4)
	arg 3: 0x0031f578 => 0x2000 (type=unsigned int*, size=0x4)
	arg 4: MEM_COMMIT (type=named constant, value=0x1000, size=0x4)
	arg 5: PAGE_READWRITE (type=named constant, value=0x4, size=0x4)
    succeeded =>
	arg 1: 0x0031f57c => 0x00625000 (type=void **, size=0x4)
	arg 3: 0x0031f578 => 0x2000 (type=unsigned int*, size=0x4)
	retval: 0x0 (type=NTSTATUS, size=0x4)
NtAllocateVirtualMemory
	arg 0: 0xffffffff (type=HANDLE, size=0x4)
	arg 1: 0x0031f42c => 0x00629000 (type=void **, size=0x4)
	arg 2: 0x0 (type=unsigned int, size=0x4)
	arg 3: 0x0031f428 => 0x5000 (type=unsigned int*, size=0x4)
	arg 4: MEM_COMMIT (type=named constant, value=0x1000, size=0x4)
	arg 5: PAGE_READWRITE (type=named constant, value=0x4, size=0x4)
    succeeded =>
	arg 1: 0x0031f42c => 0x00629000 (type=void **, size=0x4)
	arg 3: 0x0031f428 => 0x5000 (type=unsigned int*, size=0x4)
	retval: 0x0 (type=NTSTATUS, size=0x4)
NtClose
	arg 0: 0x80 (type=HANDLE, size=0x4)
    succeeded =>
	retval: 0x0 (type=NTSTATUS, size=0x4)
NtTerminateProcess
	arg 0: 0xffffffff (type=HANDLE, size=0x4)
	arg 1: 0x0 (type=NTSTATUS, size=0x4)
