  codegen.c
  compiler.c
  dict.c
  hash.c
  main.c
  lexer.c
  linkedlist.c
  linker.c
  macro.c
  parser.c
  symbols.c
  typer.c
  utils.c
  vm.c
vm.c(814,3): warning : variable 'size' is used uninitialized whenever switch default is taken [-Wsometimes-uninitialized]
                  default:
                  ^~~~~~~
  vm.c(818,17) :  note: uninitialized use occurs here
          PushNumber(vm, size);
                         ^~~~
  vm.c(797,13) :  note: initialize the variable 'size' to silence this warning
          size_t size;
                     ^
                      = 0
vm.c(3137,8): warning : variable 'id' is used uninitialized whenever 'if' condition is false [-Wsometimes-uninitialized]
                                  if(meta && (callFn = DictGet(&meta->dict, "CALL")) && callFn->type == OBJ_FUNC)
                                     ^~~~~~~~~~~~~~~~~~~~~~~~~~~~~~~~~~~~~~~~~~~~~~~~~~~~~~~~~~~~~~~~~~~~~~~~~~~
  vm.c(3158,28) :  note: uninitialized use occurs here
                          vm->lastFunctionIndex = id;
                                                  ^~
  vm.c(3137,5) :  note: remove the 'if' if its condition is always true
                                  if(meta && (callFn = DictGet(&meta->dict, "CALL")) && callFn->type == OBJ_FUNC)
                                  ^~~~~~~~~~~~~~~~~~~~~~~~~~~~~~~~~~~~~~~~~~~~~~~~~~~~~~~~~~~~~~~~~~~~~~~~~~~~~~~
vm.c(3137,8): warning : variable 'id' is used uninitialized whenever '&&' condition is false [-Wsometimes-uninitialized]
                                  if(meta && (callFn = DictGet(&meta->dict, "CALL")) && callFn->type == OBJ_FUNC)
                                     ^~~~~~~~~~~~~~~~~~~~~~~~~~~~~~~~~~~~~~~~~~~~~~~
  vm.c(3158,28) :  note: uninitialized use occurs here
                          vm->lastFunctionIndex = id;
                                                  ^~
  vm.c(3137,8) :  note: remove the '&&' if its condition is always true
                                  if(meta && (callFn = DictGet(&meta->dict, "CALL")) && callFn->type == OBJ_FUNC)
                                     ^~~~~~~~~~~~~~~~~~~~~~~~~~~~~~~~~~~~~~~~~~~~~~~~~~
vm.c(3137,8): warning : variable 'id' is used uninitialized whenever '&&' condition is false [-Wsometimes-uninitialized]
                                  if(meta && (callFn = DictGet(&meta->dict, "CALL")) && callFn->type == OBJ_FUNC)
                                     ^~~~
  vm.c(3158,28) :  note: uninitialized use occurs here
                          vm->lastFunctionIndex = id;
                                                  ^~
  vm.c(3137,8) :  note: remove the '&&' if its condition is always true
                                  if(meta && (callFn = DictGet(&meta->dict, "CALL")) && callFn->type == OBJ_FUNC)
                                     ^~~~~~~
vm.c(3133,12): warning : variable 'id' is used uninitialized whenever 'if' condition is false [-Wsometimes-uninitialized]
                          else if(obj->type == OBJ_DICT)
                                  ^~~~~~~~~~~~~~~~~~~~~
  vm.c(3158,28) :  note: uninitialized use occurs here
                          vm->lastFunctionIndex = id;
                                                  ^~
  vm.c(3133,9) :  note: remove the 'if' if its condition is always true
                          else if(obj->type == OBJ_DICT)
                               ^~~~~~~~~~~~~~~~~~~~~~~~~
  vm.c(3112,10) :  note: initialize the variable 'id' to silence this warning
                          int id;
                                ^
                                 = 0
vm.c(3137,8): warning : variable 'isExtern' is used uninitialized whenever 'if' condition is false [-Wsometimes-uninitialized]
                                  if(meta && (callFn = DictGet(&meta->dict, "CALL")) && callFn->type == OBJ_FUNC)
                                     ^~~~~~~~~~~~~~~~~~~~~~~~~~~~~~~~~~~~~~~~~~~~~~~~~~~~~~~~~~~~~~~~~~~~~~~~~~~
  vm.c(3157,27) :  note: uninitialized use occurs here
                          vm->lastFunctionName = isExtern ? vm->externNames[id] : vm->functionNames[id];
                                                 ^~~~~~~~
  vm.c(3137,5) :  note: remove the 'if' if its condition is always true
                                  if(meta && (callFn = DictGet(&meta->dict, "CALL")) && callFn->type == OBJ_FUNC)
                                  ^~~~~~~~~~~~~~~~~~~~~~~~~~~~~~~~~~~~~~~~~~~~~~~~~~~~~~~~~~~~~~~~~~~~~~~~~~~~~~~
vm.c(3137,8): warning : variable 'isExtern' is used uninitialized whenever '&&' condition is false [-Wsometimes-uninitialized]
                                  if(meta && (callFn = DictGet(&meta->dict, "CALL")) && callFn->type == OBJ_FUNC)
                                     ^~~~~~~~~~~~~~~~~~~~~~~~~~~~~~~~~~~~~~~~~~~~~~~
  vm.c(3157,27) :  note: uninitialized use occurs here
                          vm->lastFunctionName = isExtern ? vm->externNames[id] : vm->functionNames[id];
                                                 ^~~~~~~~
  vm.c(3137,8) :  note: remove the '&&' if its condition is always true
                                  if(meta && (callFn = DictGet(&meta->dict, "CALL")) && callFn->type == OBJ_FUNC)
                                     ^~~~~~~~~~~~~~~~~~~~~~~~~~~~~~~~~~~~~~~~~~~~~~~~~~
vm.c(3137,8): warning : variable 'isExtern' is used uninitialized whenever '&&' condition is false [-Wsometimes-uninitialized]
                                  if(meta && (callFn = DictGet(&meta->dict, "CALL")) && callFn->type == OBJ_FUNC)
                                     ^~~~
  vm.c(3157,27) :  note: uninitialized use occurs here
                          vm->lastFunctionName = isExtern ? vm->externNames[id] : vm->functionNames[id];
                                                 ^~~~~~~~
  vm.c(3137,8) :  note: remove the '&&' if its condition is always true
                                  if(meta && (callFn = DictGet(&meta->dict, "CALL")) && callFn->type == OBJ_FUNC)
                                     ^~~~~~~
vm.c(3133,12): warning : variable 'isExtern' is used uninitialized whenever 'if' condition is false [-Wsometimes-uninitialized]
                          else if(obj->type == OBJ_DICT)
                                  ^~~~~~~~~~~~~~~~~~~~~
  vm.c(3157,27) :  note: uninitialized use occurs here
                          vm->lastFunctionName = isExtern ? vm->externNames[id] : vm->functionNames[id];
                                                 ^~~~~~~~
  vm.c(3133,9) :  note: remove the 'if' if its condition is always true
                          else if(obj->type == OBJ_DICT)
                               ^~~~~~~~~~~~~~~~~~~~~~~~~
  vm.c(3113,30) :  note: initialize the variable 'isExtern' to silence this warning
                          Word hasEllipsis, isExtern, numArgs;
                                                    ^
                                                     = '\0'
  9 warnings generated.
  mint vm.vcxproj -> C:\Users\Apaar\Dropbox\C utilities\mint vm\Debug\mint.exe
  mint vm.vcxproj -> C:\Users\Apaar\Dropbox\C utilities\mint vm\Debug\mint.pdb (Partial PDB)
