c:\users\apaar\dropbox\c utilities\mint vm\mint vm\debug\vc140.pdb
c:\users\apaar\dropbox\c utilities\mint vm\mint vm\debug\vc140.idb
c:\users\apaar\dropbox\c utilities\mint vm\mint vm\debug\codegen.obj
c:\users\apaar\dropbox\c utilities\mint vm\mint vm\debug\compiler.obj
c:\users\apaar\dropbox\c utilities\mint vm\mint vm\debug\dict.obj
c:\users\apaar\dropbox\c utilities\mint vm\mint vm\debug\hash.obj
c:\users\apaar\dropbox\c utilities\mint vm\mint vm\debug\main.obj
c:\users\apaar\dropbox\c utilities\mint vm\mint vm\debug\lexer.obj
c:\users\apaar\dropbox\c utilities\mint vm\mint vm\debug\linkedlist.obj
c:\users\apaar\dropbox\c utilities\mint vm\mint vm\debug\linker.obj
c:\users\apaar\dropbox\c utilities\mint vm\mint vm\debug\macro.obj
c:\users\apaar\dropbox\c utilities\mint vm\mint vm\debug\parser.obj
c:\users\apaar\dropbox\c utilities\mint vm\mint vm\debug\symbols.obj
c:\users\apaar\dropbox\c utilities\mint vm\mint vm\debug\typer.obj
c:\users\apaar\dropbox\c utilities\mint vm\mint vm\debug\utils.obj
c:\users\apaar\dropbox\c utilities\mint vm\mint vm\debug\vm.obj
c:\users\apaar\dropbox\c utilities\mint vm\debug\mint.ilk
c:\users\apaar\dropbox\c utilities\mint vm\debug\mint.exe
c:\users\apaar\dropbox\c utilities\mint vm\debug\mint.pdb
c:\users\apaar\dropbox\c utilities\mint vm\mint vm\debug\mint vm.tlog\cl.command.1.tlog
c:\users\apaar\dropbox\c utilities\mint vm\mint vm\debug\mint vm.tlog\cl.read.1.tlog
c:\users\apaar\dropbox\c utilities\mint vm\mint vm\debug\mint vm.tlog\cl.write.1.tlog
c:\users\apaar\dropbox\c utilities\mint vm\mint vm\debug\mint vm.tlog\link.command.1.tlog
c:\users\apaar\dropbox\c utilities\mint vm\mint vm\debug\mint vm.tlog\link.read.1.tlog
c:\users\apaar\dropbox\c utilities\mint vm\mint vm\debug\mint vm.tlog\link.write.1.tlog
